[2021-02-05 12:20:06,893] {taskinstance.py:670} INFO - Dependencies all met for <TaskInstance: udac_example_dag.Stage_songs 2021-01-12T23:00:00+00:00 [queued]>
[2021-02-05 12:20:06,900] {taskinstance.py:670} INFO - Dependencies all met for <TaskInstance: udac_example_dag.Stage_songs 2021-01-12T23:00:00+00:00 [queued]>
[2021-02-05 12:20:06,900] {taskinstance.py:880} INFO - 
--------------------------------------------------------------------------------
[2021-02-05 12:20:06,900] {taskinstance.py:881} INFO - Starting attempt 2 of 4
[2021-02-05 12:20:06,900] {taskinstance.py:882} INFO - 
--------------------------------------------------------------------------------
[2021-02-05 12:20:06,903] {taskinstance.py:901} INFO - Executing <Task(StageToRedshiftOperator): Stage_songs> on 2021-01-12T23:00:00+00:00
[2021-02-05 12:20:06,907] {standard_task_runner.py:54} INFO - Started process 71893 to run task
[2021-02-05 12:20:06,937] {standard_task_runner.py:77} INFO - Running: ['airflow', 'run', 'udac_example_dag', 'Stage_songs', '2021-01-12T23:00:00+00:00', '--job_id', '1090', '--pool', 'default_pool', '--raw', '-sd', 'DAGS_FOLDER/udac_example_dag.py', '--cfg_path', '/var/folders/ys/hb038j3904j77l4dkb4zk2ym0000gq/T/tmpmeywpxpk']
[2021-02-05 12:20:06,956] {standard_task_runner.py:78} INFO - Job 1090: Subtask Stage_songs
[2021-02-05 12:20:06,989] {logging_mixin.py:112} INFO - Running <TaskInstance: udac_example_dag.Stage_songs 2021-01-12T23:00:00+00:00 [running]> on host 1.0.0.0.0.0.0.0.0.0.0.0.0.0.0.0.0.0.0.0.0.0.0.0.0.0.0.0.0.0.0.0.ip6.arpa
[2021-02-05 12:20:07,040] {stage_redshift.py:60} INFO - Clearing data from destination Redshift table: staging_songs
[2021-02-05 12:20:07,042] {base_hook.py:89} INFO - Using connection to: id: redshift. Host: redshift-cluster-airflow.ca3iipyjqhur.us-west-2.redshift.amazonaws.com, Port: 5439, Schema: dev, Login: awsuser, Password: XXXXXXXX, extra: None
[2021-02-05 12:20:08,395] {dbapi_hook.py:176} INFO - DELETE FROM staging_songs
[2021-02-05 12:20:09,058] {stage_redshift.py:63} INFO - Copying data from S3 to Redshift
[2021-02-05 12:20:09,074] {base_hook.py:89} INFO - Using connection to: id: redshift. Host: redshift-cluster-airflow.ca3iipyjqhur.us-west-2.redshift.amazonaws.com, Port: 5439, Schema: dev, Login: awsuser, Password: XXXXXXXX, extra: None
[2021-02-05 12:20:10,380] {dbapi_hook.py:176} INFO - 
        COPY staging_songs
        FROM 's3://udacity-dend/song_data/A/A/A'
        ACCESS_KEY_ID 'AKIA2IMWSL5GKAQJ27TS'
        SECRET_ACCESS_KEY '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'
        IGNOREHEADER 1
        DELIMITER ','
        JSON 'auto'
    
[2021-02-05 12:20:10,755] {taskinstance.py:1150} ERROR - DELIMITER argument is not supported for JSON based COPY
Traceback (most recent call last):
  File "/usr/local/lib/python3.9/site-packages/airflow/models/taskinstance.py", line 984, in _run_raw_task
    result = task_copy.execute(context=context)
  File "/Users/trevorransom/Documents/01 Coding/03 Data Engineering/Udacity/05 Airflow/plugins/operators/stage_redshift.py", line 75, in execute
    redshift.run(formatted_sql)
  File "/usr/local/lib/python3.9/site-packages/airflow/hooks/dbapi_hook.py", line 177, in run
    cur.execute(s)
psycopg2.errors.FeatureNotSupported: DELIMITER argument is not supported for JSON based COPY

[2021-02-05 12:20:10,757] {taskinstance.py:1187} INFO - Marking task as UP_FOR_RETRY. dag_id=udac_example_dag, task_id=Stage_songs, execution_date=20210112T230000, start_date=20210205T102006, end_date=20210205T102010
[2021-02-05 12:20:11,901] {local_task_job.py:102} INFO - Task exited with return code 1
