[2021-02-05 16:31:23,573] {taskinstance.py:670} INFO - Dependencies all met for <TaskInstance: udac_example_dag.Stage_songs 2021-01-14T10:00:00+00:00 [queued]>
[2021-02-05 16:31:23,579] {taskinstance.py:670} INFO - Dependencies all met for <TaskInstance: udac_example_dag.Stage_songs 2021-01-14T10:00:00+00:00 [queued]>
[2021-02-05 16:31:23,579] {taskinstance.py:880} INFO - 
--------------------------------------------------------------------------------
[2021-02-05 16:31:23,579] {taskinstance.py:881} INFO - Starting attempt 3 of 4
[2021-02-05 16:31:23,579] {taskinstance.py:882} INFO - 
--------------------------------------------------------------------------------
[2021-02-05 16:31:23,582] {taskinstance.py:901} INFO - Executing <Task(StageToRedshiftOperator): Stage_songs> on 2021-01-14T10:00:00+00:00
[2021-02-05 16:31:23,586] {standard_task_runner.py:54} INFO - Started process 96867 to run task
[2021-02-05 16:31:23,615] {standard_task_runner.py:77} INFO - Running: ['airflow', 'run', 'udac_example_dag', 'Stage_songs', '2021-01-14T10:00:00+00:00', '--job_id', '1192', '--pool', 'default_pool', '--raw', '-sd', 'DAGS_FOLDER/udac_example_dag.py', '--cfg_path', '/var/folders/ys/hb038j3904j77l4dkb4zk2ym0000gq/T/tmpmsm19wg_']
[2021-02-05 16:31:23,616] {standard_task_runner.py:78} INFO - Job 1192: Subtask Stage_songs
[2021-02-05 16:31:23,633] {logging_mixin.py:112} INFO - Running <TaskInstance: udac_example_dag.Stage_songs 2021-01-14T10:00:00+00:00 [running]> on host 1.0.0.0.0.0.0.0.0.0.0.0.0.0.0.0.0.0.0.0.0.0.0.0.0.0.0.0.0.0.0.0.ip6.arpa
[2021-02-05 16:31:23,684] {stage_redshift.py:62} INFO - Clearing data from destination Redshift table: staging_songs
[2021-02-05 16:31:23,686] {base_hook.py:89} INFO - Using connection to: id: redshift. Host: redshift-cluster-airflow.ca3iipyjqhur.us-west-2.redshift.amazonaws.com, Port: 5439, Schema: dev, Login: awsuser, Password: XXXXXXXX, extra: None
[2021-02-05 16:31:25,026] {dbapi_hook.py:176} INFO - DELETE FROM staging_songs
[2021-02-05 16:31:25,700] {stage_redshift.py:65} INFO - Copying data from S3 to Redshift
[2021-02-05 16:31:25,714] {base_hook.py:89} INFO - Using connection to: id: redshift. Host: redshift-cluster-airflow.ca3iipyjqhur.us-west-2.redshift.amazonaws.com, Port: 5439, Schema: dev, Login: awsuser, Password: XXXXXXXX, extra: None
[2021-02-05 16:31:27,032] {dbapi_hook.py:176} INFO - 
        COPY staging_songs
        FROM 's3://udacity-dend/song_data/A/A/A'
        ACCESS_KEY_ID 'AKIA2IMWSL5GKAQJ27TS'
        SECRET_ACCESS_KEY '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'
        REGION 'us-west-2'
        JSON 'auto'
        COMPUPDATE OFF
    
[2021-02-05 16:31:28,835] {taskinstance.py:1057} INFO - Marking task as SUCCESS.dag_id=udac_example_dag, task_id=Stage_songs, execution_date=20210114T100000, start_date=20210205T143123, end_date=20210205T143128
[2021-02-05 16:31:33,603] {local_task_job.py:102} INFO - Task exited with return code 0
