[2021-02-04 14:31:50,052] {taskinstance.py:670} INFO - Dependencies all met for <TaskInstance: udac_example_dag.Stage_events 2019-01-12T09:00:00+00:00 [queued]>
[2021-02-04 14:31:50,060] {taskinstance.py:670} INFO - Dependencies all met for <TaskInstance: udac_example_dag.Stage_events 2019-01-12T09:00:00+00:00 [queued]>
[2021-02-04 14:31:50,061] {taskinstance.py:880} INFO - 
--------------------------------------------------------------------------------
[2021-02-04 14:31:50,061] {taskinstance.py:881} INFO - Starting attempt 4 of 5
[2021-02-04 14:31:50,061] {taskinstance.py:882} INFO - 
--------------------------------------------------------------------------------
[2021-02-04 14:31:50,064] {taskinstance.py:901} INFO - Executing <Task(StageToRedshiftOperator): Stage_events> on 2019-01-12T09:00:00+00:00
[2021-02-04 14:31:50,068] {standard_task_runner.py:54} INFO - Started process 61088 to run task
[2021-02-04 14:31:50,100] {standard_task_runner.py:77} INFO - Running: ['airflow', 'run', 'udac_example_dag', 'Stage_events', '2019-01-12T09:00:00+00:00', '--job_id', '191', '--pool', 'default_pool', '--raw', '-sd', 'DAGS_FOLDER/udac_example_dag.py', '--cfg_path', '/var/folders/ys/hb038j3904j77l4dkb4zk2ym0000gq/T/tmp943c32op']
[2021-02-04 14:31:50,101] {standard_task_runner.py:78} INFO - Job 191: Subtask Stage_events
[2021-02-04 14:31:50,118] {logging_mixin.py:112} INFO - Running <TaskInstance: udac_example_dag.Stage_events 2019-01-12T09:00:00+00:00 [running]> on host 1.0.0.0.0.0.0.0.0.0.0.0.0.0.0.0.0.0.0.0.0.0.0.0.0.0.0.0.0.0.0.0.ip6.arpa
[2021-02-04 14:31:50,128] {stage_redshift.py:56} INFO - StageToRedshiftOperator not implemented yet
[2021-02-04 14:31:50,177] {stage_redshift.py:61} INFO - Clearing data from destination Redshift table: staging_events
[2021-02-04 14:31:50,179] {base_hook.py:89} INFO - Using connection to: id: redshift. Host: redshift-cluster-airflow.ca3iipyjqhur.us-west-2.redshift.amazonaws.com, Port: 5439, Schema: dev, Login: awsuser, Password: XXXXXXXX, extra: None
[2021-02-04 14:31:50,181] {taskinstance.py:1150} ERROR - could not translate host name "redshift-cluster-airflow.ca3iipyjqhur.us-west-2.redshift.amazonaws.com" to address: nodename nor servname provided, or not known
Traceback (most recent call last):
  File "/usr/local/lib/python3.9/site-packages/airflow/models/taskinstance.py", line 984, in _run_raw_task
    result = task_copy.execute(context=context)
  File "/Users/trevorransom/Documents/01 Coding/03 Data Engineering/Udacity/05 Airflow/plugins/operators/stage_redshift.py", line 62, in execute
    redshift.run('DELETE FROM {}'.format(self.table))
  File "/usr/local/lib/python3.9/site-packages/airflow/hooks/dbapi_hook.py", line 164, in run
    with closing(self.get_conn()) as conn:
  File "/usr/local/lib/python3.9/site-packages/airflow/hooks/postgres_hook.py", line 93, in get_conn
    self.conn = psycopg2.connect(**conn_args)
  File "/usr/local/lib/python3.9/site-packages/psycopg2/__init__.py", line 127, in connect
    conn = _connect(dsn, connection_factory=connection_factory, **kwasync)
psycopg2.OperationalError: could not translate host name "redshift-cluster-airflow.ca3iipyjqhur.us-west-2.redshift.amazonaws.com" to address: nodename nor servname provided, or not known

[2021-02-04 14:31:50,182] {taskinstance.py:1187} INFO - Marking task as UP_FOR_RETRY. dag_id=udac_example_dag, task_id=Stage_events, execution_date=20190112T090000, start_date=20210204T123150, end_date=20210204T123150
[2021-02-04 14:31:55,067] {local_task_job.py:102} INFO - Task exited with return code 1
