[2021-01-29 15:17:47,059] {taskinstance.py:826} INFO - Dependencies all met for <TaskInstance: udac_example_dag.Load_song_dim_table 2019-01-12T01:00:00+00:00 [queued]>
[2021-01-29 15:17:47,065] {taskinstance.py:826} INFO - Dependencies all met for <TaskInstance: udac_example_dag.Load_song_dim_table 2019-01-12T01:00:00+00:00 [queued]>
[2021-01-29 15:17:47,065] {taskinstance.py:1017} INFO - 
--------------------------------------------------------------------------------
[2021-01-29 15:17:47,065] {taskinstance.py:1018} INFO - Starting attempt 1 of 1
[2021-01-29 15:17:47,065] {taskinstance.py:1019} INFO - 
--------------------------------------------------------------------------------
[2021-01-29 15:17:47,072] {taskinstance.py:1038} INFO - Executing <Task(LoadDimensionOperator): Load_song_dim_table> on 2019-01-12T01:00:00+00:00
[2021-01-29 15:17:47,074] {standard_task_runner.py:51} INFO - Started process 45257 to run task
[2021-01-29 15:17:47,083] {standard_task_runner.py:75} INFO - Running: ['airflow', 'tasks', 'run', 'udac_example_dag', 'Load_song_dim_table', '2019-01-12T01:00:00+00:00', '--job-id', '14', '--pool', 'default_pool', '--raw', '--subdir', 'DAGS_FOLDER/udac_example_dag.py', '--cfg-path', '/var/folders/ys/hb038j3904j77l4dkb4zk2ym0000gq/T/tmp7s7tsqgn']
[2021-01-29 15:17:47,085] {standard_task_runner.py:76} INFO - Job 14: Subtask Load_song_dim_table
[2021-01-29 15:17:47,125] {logging_mixin.py:103} INFO - Running <TaskInstance: udac_example_dag.Load_song_dim_table 2019-01-12T01:00:00+00:00 [running]> on host 1.0.0.0.0.0.0.0.0.0.0.0.0.0.0.0.0.0.0.0.0.0.0.0.0.0.0.0.0.0.0.0.ip6.arpa
[2021-01-29 15:17:47,167] {taskinstance.py:1230} INFO - Exporting the following env vars:
AIRFLOW_CTX_DAG_OWNER=udacity
AIRFLOW_CTX_DAG_ID=udac_example_dag
AIRFLOW_CTX_TASK_ID=Load_song_dim_table
AIRFLOW_CTX_EXECUTION_DATE=2019-01-12T01:00:00+00:00
AIRFLOW_CTX_DAG_RUN_ID=scheduled__2019-01-12T01:00:00+00:00
[2021-01-29 15:17:47,169] {load_dimension.py:22} INFO - LoadDimensionOperator not implemented yet
[2021-01-29 15:17:47,179] {taskinstance.py:1135} INFO - Marking task as SUCCESS. dag_id=udac_example_dag, task_id=Load_song_dim_table, execution_date=20190112T010000, start_date=20210129T131747, end_date=20210129T131747
[2021-01-29 15:17:47,199] {taskinstance.py:1195} INFO - 0 downstream tasks scheduled from follow-on schedule check
[2021-01-29 15:17:47,216] {local_task_job.py:118} INFO - Task exited with return code 0
