[2021-01-29 15:17:59,164] {taskinstance.py:826} INFO - Dependencies all met for <TaskInstance: udac_example_dag.Load_song_dim_table 2019-01-12T02:00:00+00:00 [queued]>
[2021-01-29 15:17:59,172] {taskinstance.py:826} INFO - Dependencies all met for <TaskInstance: udac_example_dag.Load_song_dim_table 2019-01-12T02:00:00+00:00 [queued]>
[2021-01-29 15:17:59,172] {taskinstance.py:1017} INFO - 
--------------------------------------------------------------------------------
[2021-01-29 15:17:59,172] {taskinstance.py:1018} INFO - Starting attempt 1 of 1
[2021-01-29 15:17:59,172] {taskinstance.py:1019} INFO - 
--------------------------------------------------------------------------------
[2021-01-29 15:17:59,177] {taskinstance.py:1038} INFO - Executing <Task(LoadDimensionOperator): Load_song_dim_table> on 2019-01-12T02:00:00+00:00
[2021-01-29 15:17:59,179] {standard_task_runner.py:51} INFO - Started process 45409 to run task
[2021-01-29 15:17:59,188] {standard_task_runner.py:75} INFO - Running: ['airflow', 'tasks', 'run', 'udac_example_dag', 'Load_song_dim_table', '2019-01-12T02:00:00+00:00', '--job-id', '22', '--pool', 'default_pool', '--raw', '--subdir', 'DAGS_FOLDER/udac_example_dag.py', '--cfg-path', '/var/folders/ys/hb038j3904j77l4dkb4zk2ym0000gq/T/tmpjjone4yz']
[2021-01-29 15:17:59,190] {standard_task_runner.py:76} INFO - Job 22: Subtask Load_song_dim_table
[2021-01-29 15:17:59,224] {logging_mixin.py:103} INFO - Running <TaskInstance: udac_example_dag.Load_song_dim_table 2019-01-12T02:00:00+00:00 [running]> on host 1.0.0.0.0.0.0.0.0.0.0.0.0.0.0.0.0.0.0.0.0.0.0.0.0.0.0.0.0.0.0.0.ip6.arpa
[2021-01-29 15:17:59,255] {taskinstance.py:1230} INFO - Exporting the following env vars:
AIRFLOW_CTX_DAG_OWNER=udacity
AIRFLOW_CTX_DAG_ID=udac_example_dag
AIRFLOW_CTX_TASK_ID=Load_song_dim_table
AIRFLOW_CTX_EXECUTION_DATE=2019-01-12T02:00:00+00:00
AIRFLOW_CTX_DAG_RUN_ID=scheduled__2019-01-12T02:00:00+00:00
[2021-01-29 15:17:59,256] {load_dimension.py:22} INFO - LoadDimensionOperator not implemented yet
[2021-01-29 15:17:59,260] {taskinstance.py:1135} INFO - Marking task as SUCCESS. dag_id=udac_example_dag, task_id=Load_song_dim_table, execution_date=20190112T020000, start_date=20210129T131759, end_date=20210129T131759
[2021-01-29 15:17:59,272] {taskinstance.py:1195} INFO - 0 downstream tasks scheduled from follow-on schedule check
[2021-01-29 15:17:59,282] {local_task_job.py:118} INFO - Task exited with return code 0
