[2021-01-29 15:17:40,731] {taskinstance.py:826} INFO - Dependencies all met for <TaskInstance: udac_example_dag.Stage_events 2019-01-12T01:00:00+00:00 [queued]>
[2021-01-29 15:17:40,748] {taskinstance.py:826} INFO - Dependencies all met for <TaskInstance: udac_example_dag.Stage_events 2019-01-12T01:00:00+00:00 [queued]>
[2021-01-29 15:17:40,748] {taskinstance.py:1017} INFO - 
--------------------------------------------------------------------------------
[2021-01-29 15:17:40,749] {taskinstance.py:1018} INFO - Starting attempt 1 of 1
[2021-01-29 15:17:40,749] {taskinstance.py:1019} INFO - 
--------------------------------------------------------------------------------
[2021-01-29 15:17:40,760] {taskinstance.py:1038} INFO - Executing <Task(StageToRedshiftOperator): Stage_events> on 2019-01-12T01:00:00+00:00
[2021-01-29 15:17:40,764] {standard_task_runner.py:51} INFO - Started process 45185 to run task
[2021-01-29 15:17:40,779] {standard_task_runner.py:75} INFO - Running: ['airflow', 'tasks', 'run', 'udac_example_dag', 'Stage_events', '2019-01-12T01:00:00+00:00', '--job-id', '10', '--pool', 'default_pool', '--raw', '--subdir', 'DAGS_FOLDER/udac_example_dag.py', '--cfg-path', '/var/folders/ys/hb038j3904j77l4dkb4zk2ym0000gq/T/tmpiaajxhnc']
[2021-01-29 15:17:40,782] {standard_task_runner.py:76} INFO - Job 10: Subtask Stage_events
[2021-01-29 15:17:40,855] {logging_mixin.py:103} INFO - Running <TaskInstance: udac_example_dag.Stage_events 2019-01-12T01:00:00+00:00 [running]> on host 1.0.0.0.0.0.0.0.0.0.0.0.0.0.0.0.0.0.0.0.0.0.0.0.0.0.0.0.0.0.0.0.ip6.arpa
[2021-01-29 15:17:40,900] {taskinstance.py:1230} INFO - Exporting the following env vars:
AIRFLOW_CTX_DAG_OWNER=udacity
AIRFLOW_CTX_DAG_ID=udac_example_dag
AIRFLOW_CTX_TASK_ID=Stage_events
AIRFLOW_CTX_EXECUTION_DATE=2019-01-12T01:00:00+00:00
AIRFLOW_CTX_DAG_RUN_ID=scheduled__2019-01-12T01:00:00+00:00
[2021-01-29 15:17:40,901] {stage_redshift.py:21} INFO - StageToRedshiftOperator not implemented yet
[2021-01-29 15:17:40,906] {taskinstance.py:1135} INFO - Marking task as SUCCESS. dag_id=udac_example_dag, task_id=Stage_events, execution_date=20190112T010000, start_date=20210129T131740, end_date=20210129T131740
[2021-01-29 15:17:40,925] {taskinstance.py:1195} INFO - 0 downstream tasks scheduled from follow-on schedule check
[2021-01-29 15:17:40,947] {local_task_job.py:118} INFO - Task exited with return code 0
[2021-02-04 12:01:56,377] {taskinstance.py:670} INFO - Dependencies all met for <TaskInstance: udac_example_dag.Stage_events 2019-01-12T01:00:00+00:00 [queued]>
[2021-02-04 12:01:56,384] {taskinstance.py:670} INFO - Dependencies all met for <TaskInstance: udac_example_dag.Stage_events 2019-01-12T01:00:00+00:00 [queued]>
[2021-02-04 12:01:56,384] {taskinstance.py:880} INFO - 
--------------------------------------------------------------------------------
[2021-02-04 12:01:56,384] {taskinstance.py:881} INFO - Starting attempt 1 of 4
[2021-02-04 12:01:56,384] {taskinstance.py:882} INFO - 
--------------------------------------------------------------------------------
[2021-02-04 12:01:56,387] {taskinstance.py:901} INFO - Executing <Task(StageToRedshiftOperator): Stage_events> on 2019-01-12T01:00:00+00:00
[2021-02-04 12:01:56,391] {standard_task_runner.py:54} INFO - Started process 93636 to run task
[2021-02-04 12:01:56,423] {standard_task_runner.py:77} INFO - Running: ['airflow', 'run', 'udac_example_dag', 'Stage_events', '2019-01-12T01:00:00+00:00', '--job_id', '45', '--pool', 'default_pool', '--raw', '-sd', 'DAGS_FOLDER/udac_example_dag.py', '--cfg_path', '/var/folders/ys/hb038j3904j77l4dkb4zk2ym0000gq/T/tmpqzxzlcud']
[2021-02-04 12:01:56,424] {standard_task_runner.py:78} INFO - Job 45: Subtask Stage_events
[2021-02-04 12:01:56,441] {logging_mixin.py:112} INFO - Running <TaskInstance: udac_example_dag.Stage_events 2019-01-12T01:00:00+00:00 [running]> on host 1.0.0.0.0.0.0.0.0.0.0.0.0.0.0.0.0.0.0.0.0.0.0.0.0.0.0.0.0.0.0.0.ip6.arpa
[2021-02-04 12:01:56,451] {taskinstance.py:1150} ERROR - 'StageToRedshiftOperator' object has no attribute 's'
Traceback (most recent call last):
  File "/usr/local/lib/python3.9/site-packages/airflow/models/taskinstance.py", line 965, in _run_raw_task
    self.render_templates(context=context)
  File "/usr/local/lib/python3.9/site-packages/airflow/models/taskinstance.py", line 1424, in render_templates
    self.task.render_template_fields(context)
  File "/usr/local/lib/python3.9/site-packages/airflow/models/baseoperator.py", line 719, in render_template_fields
    self._do_render_template_fields(self, self.template_fields, context, jinja_env, set())
  File "/usr/local/lib/python3.9/site-packages/airflow/models/baseoperator.py", line 724, in _do_render_template_fields
    content = getattr(parent, attr_name)
AttributeError: 'StageToRedshiftOperator' object has no attribute 's'
[2021-02-04 12:01:56,452] {taskinstance.py:1187} INFO - Marking task as UP_FOR_RETRY. dag_id=udac_example_dag, task_id=Stage_events, execution_date=20190112T010000, start_date=20210204T100156, end_date=20210204T100156
[2021-02-04 12:02:01,391] {local_task_job.py:102} INFO - Task exited with return code 1
