[2021-02-05 12:27:39,012] {taskinstance.py:670} INFO - Dependencies all met for <TaskInstance: udac_example_dag.Stage_songs 2021-01-13T09:00:00+00:00 [queued]>
[2021-02-05 12:27:39,020] {taskinstance.py:670} INFO - Dependencies all met for <TaskInstance: udac_example_dag.Stage_songs 2021-01-13T09:00:00+00:00 [queued]>
[2021-02-05 12:27:39,020] {taskinstance.py:880} INFO - 
--------------------------------------------------------------------------------
[2021-02-05 12:27:39,020] {taskinstance.py:881} INFO - Starting attempt 2 of 4
[2021-02-05 12:27:39,020] {taskinstance.py:882} INFO - 
--------------------------------------------------------------------------------
[2021-02-05 12:27:39,023] {taskinstance.py:901} INFO - Executing <Task(StageToRedshiftOperator): Stage_songs> on 2021-01-13T09:00:00+00:00
[2021-02-05 12:27:39,027] {standard_task_runner.py:54} INFO - Started process 77150 to run task
[2021-02-05 12:27:39,061] {standard_task_runner.py:77} INFO - Running: ['airflow', 'run', 'udac_example_dag', 'Stage_songs', '2021-01-13T09:00:00+00:00', '--job_id', '1140', '--pool', 'default_pool', '--raw', '-sd', 'DAGS_FOLDER/udac_example_dag.py', '--cfg_path', '/var/folders/ys/hb038j3904j77l4dkb4zk2ym0000gq/T/tmp98d9nhas']
[2021-02-05 12:27:39,062] {standard_task_runner.py:78} INFO - Job 1140: Subtask Stage_songs
[2021-02-05 12:27:39,083] {logging_mixin.py:112} INFO - Running <TaskInstance: udac_example_dag.Stage_songs 2021-01-13T09:00:00+00:00 [running]> on host 1.0.0.0.0.0.0.0.0.0.0.0.0.0.0.0.0.0.0.0.0.0.0.0.0.0.0.0.0.0.0.0.ip6.arpa
[2021-02-05 12:27:39,136] {stage_redshift.py:58} INFO - Clearing data from destination Redshift table: staging_songs
[2021-02-05 12:27:39,138] {base_hook.py:89} INFO - Using connection to: id: redshift. Host: redshift-cluster-airflow.ca3iipyjqhur.us-west-2.redshift.amazonaws.com, Port: 5439, Schema: dev, Login: awsuser, Password: XXXXXXXX, extra: None
[2021-02-05 12:27:40,458] {dbapi_hook.py:176} INFO - DELETE FROM staging_songs
[2021-02-05 12:27:41,073] {stage_redshift.py:61} INFO - Copying data from S3 to Redshift
[2021-02-05 12:27:41,085] {base_hook.py:89} INFO - Using connection to: id: redshift. Host: redshift-cluster-airflow.ca3iipyjqhur.us-west-2.redshift.amazonaws.com, Port: 5439, Schema: dev, Login: awsuser, Password: XXXXXXXX, extra: None
[2021-02-05 12:27:42,425] {dbapi_hook.py:176} INFO - 
        COPY staging_songs
        FROM 's3://udacity-dend/song_data/A/A/A'
        ACCESS_KEY_ID 'AKIA2IMWSL5GKAQJ27TS'
        SECRET_ACCESS_KEY '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'
        IGNOREHEADER 1
        JSON 'auto'
    
[2021-02-05 12:27:44,339] {taskinstance.py:1057} INFO - Marking task as SUCCESS.dag_id=udac_example_dag, task_id=Stage_songs, execution_date=20210113T090000, start_date=20210205T102739, end_date=20210205T102744
[2021-02-05 12:27:49,047] {local_task_job.py:102} INFO - Task exited with return code 0
