[2021-01-29 15:17:44,298] {taskinstance.py:826} INFO - Dependencies all met for <TaskInstance: udac_example_dag.Load_songplays_fact_table 2019-01-12T01:00:00+00:00 [queued]>
[2021-01-29 15:17:44,304] {taskinstance.py:826} INFO - Dependencies all met for <TaskInstance: udac_example_dag.Load_songplays_fact_table 2019-01-12T01:00:00+00:00 [queued]>
[2021-01-29 15:17:44,305] {taskinstance.py:1017} INFO - 
--------------------------------------------------------------------------------
[2021-01-29 15:17:44,305] {taskinstance.py:1018} INFO - Starting attempt 1 of 1
[2021-01-29 15:17:44,305] {taskinstance.py:1019} INFO - 
--------------------------------------------------------------------------------
[2021-01-29 15:17:44,310] {taskinstance.py:1038} INFO - Executing <Task(LoadFactOperator): Load_songplays_fact_table> on 2019-01-12T01:00:00+00:00
[2021-01-29 15:17:44,312] {standard_task_runner.py:51} INFO - Started process 45231 to run task
[2021-01-29 15:17:44,319] {standard_task_runner.py:75} INFO - Running: ['airflow', 'tasks', 'run', 'udac_example_dag', 'Load_songplays_fact_table', '2019-01-12T01:00:00+00:00', '--job-id', '12', '--pool', 'default_pool', '--raw', '--subdir', 'DAGS_FOLDER/udac_example_dag.py', '--cfg-path', '/var/folders/ys/hb038j3904j77l4dkb4zk2ym0000gq/T/tmpf5v7t53u']
[2021-01-29 15:17:44,321] {standard_task_runner.py:76} INFO - Job 12: Subtask Load_songplays_fact_table
[2021-01-29 15:17:44,356] {logging_mixin.py:103} INFO - Running <TaskInstance: udac_example_dag.Load_songplays_fact_table 2019-01-12T01:00:00+00:00 [running]> on host 1.0.0.0.0.0.0.0.0.0.0.0.0.0.0.0.0.0.0.0.0.0.0.0.0.0.0.0.0.0.0.0.ip6.arpa
[2021-01-29 15:17:44,385] {taskinstance.py:1230} INFO - Exporting the following env vars:
AIRFLOW_CTX_DAG_OWNER=udacity
AIRFLOW_CTX_DAG_ID=udac_example_dag
AIRFLOW_CTX_TASK_ID=Load_songplays_fact_table
AIRFLOW_CTX_EXECUTION_DATE=2019-01-12T01:00:00+00:00
AIRFLOW_CTX_DAG_RUN_ID=scheduled__2019-01-12T01:00:00+00:00
[2021-01-29 15:17:44,386] {load_fact.py:22} INFO - LoadFactOperator not implemented yet
[2021-01-29 15:17:44,390] {taskinstance.py:1135} INFO - Marking task as SUCCESS. dag_id=udac_example_dag, task_id=Load_songplays_fact_table, execution_date=20190112T010000, start_date=20210129T131744, end_date=20210129T131744
[2021-01-29 15:17:44,400] {taskinstance.py:1195} INFO - 0 downstream tasks scheduled from follow-on schedule check
[2021-01-29 15:17:44,417] {local_task_job.py:118} INFO - Task exited with return code 0
