[2021-02-05 11:25:38,985] {taskinstance.py:670} INFO - Dependencies all met for <TaskInstance: udac_example_dag.Stage_songs 2021-01-12T00:00:00+00:00 [queued]>
[2021-02-05 11:25:38,992] {taskinstance.py:670} INFO - Dependencies all met for <TaskInstance: udac_example_dag.Stage_songs 2021-01-12T00:00:00+00:00 [queued]>
[2021-02-05 11:25:38,992] {taskinstance.py:880} INFO - 
--------------------------------------------------------------------------------
[2021-02-05 11:25:38,992] {taskinstance.py:881} INFO - Starting attempt 2 of 4
[2021-02-05 11:25:38,992] {taskinstance.py:882} INFO - 
--------------------------------------------------------------------------------
[2021-02-05 11:25:38,997] {taskinstance.py:901} INFO - Executing <Task(StageToRedshiftOperator): Stage_songs> on 2021-01-12T00:00:00+00:00
[2021-02-05 11:25:39,002] {standard_task_runner.py:54} INFO - Started process 34316 to run task
[2021-02-05 11:25:39,037] {standard_task_runner.py:77} INFO - Running: ['airflow', 'run', 'udac_example_dag', 'Stage_songs', '2021-01-12T00:00:00+00:00', '--job_id', '1066', '--pool', 'default_pool', '--raw', '-sd', 'DAGS_FOLDER/udac_example_dag.py', '--cfg_path', '/var/folders/ys/hb038j3904j77l4dkb4zk2ym0000gq/T/tmpx9n7q0s4']
[2021-02-05 11:25:39,038] {standard_task_runner.py:78} INFO - Job 1066: Subtask Stage_songs
[2021-02-05 11:25:39,057] {logging_mixin.py:112} INFO - Running <TaskInstance: udac_example_dag.Stage_songs 2021-01-12T00:00:00+00:00 [running]> on host 1.0.0.0.0.0.0.0.0.0.0.0.0.0.0.0.0.0.0.0.0.0.0.0.0.0.0.0.0.0.0.0.ip6.arpa
[2021-02-05 11:25:39,113] {stage_redshift.py:57} INFO - Clearing data from destination Redshift table: staging_songs
[2021-02-05 11:25:39,116] {base_hook.py:89} INFO - Using connection to: id: redshift. Host: redshift-cluster-airflow.ca3iipyjqhur.us-west-2.redshift.amazonaws.com, Port: 5439, Schema: dev, Login: awsuser, Password: XXXXXXXX, extra: None
[2021-02-05 11:25:40,435] {dbapi_hook.py:176} INFO - DELETE FROM staging_songs
[2021-02-05 11:25:41,119] {stage_redshift.py:60} INFO - Copying data from S3 to Redshift
[2021-02-05 11:25:41,125] {base_hook.py:89} INFO - Using connection to: id: redshift. Host: redshift-cluster-airflow.ca3iipyjqhur.us-west-2.redshift.amazonaws.com, Port: 5439, Schema: dev, Login: awsuser, Password: XXXXXXXX, extra: None
[2021-02-05 11:25:42,436] {dbapi_hook.py:176} INFO - 
        COPY staging_songs
        FROM 's3://udacity-dend/song_data/A/A/A'
        ACCESS_KEY_ID 'AKIA2IMWSL5GKAQJ27TS'
        SECRET_ACCESS_KEY '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'
        IGNOREHEADER 1
        DELIMITER ','
    
[2021-02-05 11:25:44,040] {taskinstance.py:1057} INFO - Marking task as SUCCESS.dag_id=udac_example_dag, task_id=Stage_songs, execution_date=20210112T000000, start_date=20210205T092538, end_date=20210205T092544
[2021-02-05 11:25:48,996] {local_task_job.py:102} INFO - Task exited with return code 0
