[2021-02-05 16:35:38,919] {taskinstance.py:670} INFO - Dependencies all met for <TaskInstance: udac_example_dag.Stage_songs 2021-01-15T01:00:00+00:00 [queued]>
[2021-02-05 16:35:38,927] {taskinstance.py:670} INFO - Dependencies all met for <TaskInstance: udac_example_dag.Stage_songs 2021-01-15T01:00:00+00:00 [queued]>
[2021-02-05 16:35:38,927] {taskinstance.py:880} INFO - 
--------------------------------------------------------------------------------
[2021-02-05 16:35:38,927] {taskinstance.py:881} INFO - Starting attempt 1 of 4
[2021-02-05 16:35:38,927] {taskinstance.py:882} INFO - 
--------------------------------------------------------------------------------
[2021-02-05 16:35:38,931] {taskinstance.py:901} INFO - Executing <Task(StageToRedshiftOperator): Stage_songs> on 2021-01-15T01:00:00+00:00
[2021-02-05 16:35:38,935] {standard_task_runner.py:54} INFO - Started process 99810 to run task
[2021-02-05 16:35:38,972] {standard_task_runner.py:77} INFO - Running: ['airflow', 'run', 'udac_example_dag', 'Stage_songs', '2021-01-15T01:00:00+00:00', '--job_id', '1218', '--pool', 'default_pool', '--raw', '-sd', 'DAGS_FOLDER/udac_example_dag.py', '--cfg_path', '/var/folders/ys/hb038j3904j77l4dkb4zk2ym0000gq/T/tmphl29ya8a']
[2021-02-05 16:35:38,973] {standard_task_runner.py:78} INFO - Job 1218: Subtask Stage_songs
[2021-02-05 16:35:38,994] {logging_mixin.py:112} INFO - Running <TaskInstance: udac_example_dag.Stage_songs 2021-01-15T01:00:00+00:00 [running]> on host 1.0.0.0.0.0.0.0.0.0.0.0.0.0.0.0.0.0.0.0.0.0.0.0.0.0.0.0.0.0.0.0.ip6.arpa
[2021-02-05 16:35:39,057] {stage_redshift.py:62} INFO - Clearing data from destination Redshift table: staging_songs
[2021-02-05 16:35:39,070] {base_hook.py:89} INFO - Using connection to: id: redshift. Host: redshift-cluster-airflow.ca3iipyjqhur.us-west-2.redshift.amazonaws.com, Port: 5439, Schema: dev, Login: awsuser, Password: XXXXXXXX, extra: None
[2021-02-05 16:35:40,405] {dbapi_hook.py:176} INFO - DELETE FROM staging_songs
[2021-02-05 16:35:41,182] {stage_redshift.py:65} INFO - Copying data from S3 to Redshift
[2021-02-05 16:35:41,192] {base_hook.py:89} INFO - Using connection to: id: redshift. Host: redshift-cluster-airflow.ca3iipyjqhur.us-west-2.redshift.amazonaws.com, Port: 5439, Schema: dev, Login: awsuser, Password: XXXXXXXX, extra: None
[2021-02-05 16:35:42,493] {dbapi_hook.py:176} INFO - 
        COPY staging_songs
        FROM 's3://udacity-dend/song_data/A/A/A'
        ACCESS_KEY_ID 'AKIA2IMWSL5GKAQJ27TS'
        SECRET_ACCESS_KEY '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'
        REGION 'us-west-2'
        JSON 'auto'
        COMPUPDATE OFF
    
[2021-02-05 16:35:44,173] {taskinstance.py:1057} INFO - Marking task as SUCCESS.dag_id=udac_example_dag, task_id=Stage_songs, execution_date=20210115T010000, start_date=20210205T143538, end_date=20210205T143544
[2021-02-05 16:35:48,934] {local_task_job.py:102} INFO - Task exited with return code 0
