[2021-02-05 10:32:18,584] {taskinstance.py:670} INFO - Dependencies all met for <TaskInstance: udac_example_dag.Stage_events 2019-01-17T14:00:00+00:00 [queued]>
[2021-02-05 10:32:18,593] {taskinstance.py:670} INFO - Dependencies all met for <TaskInstance: udac_example_dag.Stage_events 2019-01-17T14:00:00+00:00 [queued]>
[2021-02-05 10:32:18,593] {taskinstance.py:880} INFO - 
--------------------------------------------------------------------------------
[2021-02-05 10:32:18,593] {taskinstance.py:881} INFO - Starting attempt 2 of 4
[2021-02-05 10:32:18,594] {taskinstance.py:882} INFO - 
--------------------------------------------------------------------------------
[2021-02-05 10:32:18,597] {taskinstance.py:901} INFO - Executing <Task(StageToRedshiftOperator): Stage_events> on 2019-01-17T14:00:00+00:00
[2021-02-05 10:32:18,601] {standard_task_runner.py:54} INFO - Started process 96420 to run task
[2021-02-05 10:32:18,636] {standard_task_runner.py:77} INFO - Running: ['airflow', 'run', 'udac_example_dag', 'Stage_events', '2019-01-17T14:00:00+00:00', '--job_id', '881', '--pool', 'default_pool', '--raw', '-sd', 'DAGS_FOLDER/udac_example_dag.py', '--cfg_path', '/var/folders/ys/hb038j3904j77l4dkb4zk2ym0000gq/T/tmpd0xdpyat']
[2021-02-05 10:32:18,638] {standard_task_runner.py:78} INFO - Job 881: Subtask Stage_events
[2021-02-05 10:32:18,659] {logging_mixin.py:112} INFO - Running <TaskInstance: udac_example_dag.Stage_events 2019-01-17T14:00:00+00:00 [running]> on host 1.0.0.0.0.0.0.0.0.0.0.0.0.0.0.0.0.0.0.0.0.0.0.0.0.0.0.0.0.0.0.0.ip6.arpa
[2021-02-05 10:32:18,726] {stage_redshift.py:57} INFO - Clearing data from destination Redshift table: staging_events
[2021-02-05 10:32:18,729] {base_hook.py:89} INFO - Using connection to: id: redshift. Host: redshift-cluster-airflow.ca3iipyjqhur.us-west-2.redshift.amazonaws.com, Port: 5439, Schema: dev, Login: awsuser, Password: XXXXXXXX, extra: None
[2021-02-05 10:32:20,061] {dbapi_hook.py:176} INFO - DELETE FROM staging_events
[2021-02-05 10:32:20,681] {stage_redshift.py:60} INFO - Copying data from S3 to Redshift
[2021-02-05 10:32:20,684] {base_hook.py:89} INFO - Using connection to: id: redshift. Host: redshift-cluster-airflow.ca3iipyjqhur.us-west-2.redshift.amazonaws.com, Port: 5439, Schema: dev, Login: awsuser, Password: XXXXXXXX, extra: None
[2021-02-05 10:32:22,030] {dbapi_hook.py:176} INFO - 
        COPY staging_events
        FROM 's3://udacity-dend/log_data'
        ACCESS_KEY_ID 'AKIA2IMWSL5GKAQJ27TS'
        SECRET_ACCESS_KEY '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'
        IGNOREHEADER 1
        DELIMITER ','
    
[2021-02-05 10:32:22,552] {taskinstance.py:1150} ERROR - Load into table 'staging_events' failed.  Check 'stl_load_errors' system table for details.
Traceback (most recent call last):
  File "/usr/local/lib/python3.9/site-packages/airflow/models/taskinstance.py", line 984, in _run_raw_task
    result = task_copy.execute(context=context)
  File "/Users/trevorransom/Documents/01 Coding/03 Data Engineering/Udacity/05 Airflow/plugins/operators/stage_redshift.py", line 71, in execute
    redshift.run(formatted_sql)
  File "/usr/local/lib/python3.9/site-packages/airflow/hooks/dbapi_hook.py", line 177, in run
    cur.execute(s)
psycopg2.errors.InternalError_: Load into table 'staging_events' failed.  Check 'stl_load_errors' system table for details.

[2021-02-05 10:32:22,554] {taskinstance.py:1187} INFO - Marking task as UP_FOR_RETRY. dag_id=udac_example_dag, task_id=Stage_events, execution_date=20190117T140000, start_date=20210205T083218, end_date=20210205T083222
[2021-02-05 10:32:23,604] {local_task_job.py:102} INFO - Task exited with return code 1
