[2021-02-04 14:26:03,415] {taskinstance.py:670} INFO - Dependencies all met for <TaskInstance: udac_example_dag.Stage_events 2021-02-04T12:25:47.933274+00:00 [queued]>
[2021-02-04 14:26:03,421] {taskinstance.py:670} INFO - Dependencies all met for <TaskInstance: udac_example_dag.Stage_events 2021-02-04T12:25:47.933274+00:00 [queued]>
[2021-02-04 14:26:03,421] {taskinstance.py:880} INFO - 
--------------------------------------------------------------------------------
[2021-02-04 14:26:03,421] {taskinstance.py:881} INFO - Starting attempt 1 of 4
[2021-02-04 14:26:03,421] {taskinstance.py:882} INFO - 
--------------------------------------------------------------------------------
[2021-02-04 14:26:03,426] {taskinstance.py:901} INFO - Executing <Task(StageToRedshiftOperator): Stage_events> on 2021-02-04T12:25:47.933274+00:00
[2021-02-04 14:26:03,431] {standard_task_runner.py:54} INFO - Started process 57019 to run task
[2021-02-04 14:26:03,465] {standard_task_runner.py:77} INFO - Running: ['airflow', 'run', 'udac_example_dag', 'Stage_events', '2021-02-04T12:25:47.933274+00:00', '--job_id', '173', '--pool', 'default_pool', '--raw', '-sd', 'DAGS_FOLDER/udac_example_dag.py', '--cfg_path', '/var/folders/ys/hb038j3904j77l4dkb4zk2ym0000gq/T/tmp2rphgibl']
[2021-02-04 14:26:03,467] {standard_task_runner.py:78} INFO - Job 173: Subtask Stage_events
[2021-02-04 14:26:03,486] {logging_mixin.py:112} INFO - Running <TaskInstance: udac_example_dag.Stage_events 2021-02-04T12:25:47.933274+00:00 [running]> on host 1.0.0.0.0.0.0.0.0.0.0.0.0.0.0.0.0.0.0.0.0.0.0.0.0.0.0.0.0.0.0.0.ip6.arpa
[2021-02-04 14:26:03,497] {stage_redshift.py:56} INFO - StageToRedshiftOperator not implemented yet
[2021-02-04 14:26:03,549] {stage_redshift.py:61} INFO - Clearing data from destination Redshift table: staging_events
[2021-02-04 14:26:03,551] {base_hook.py:89} INFO - Using connection to: id: redshift. Host: redshift-cluster-airflow.ca3iipyjqhur.us-west-2.redshift.amazonaws.com, Port: 5439, Schema: dev, Login: awsuser, Password: XXXXXXXX, extra: None
[2021-02-04 14:26:04,904] {dbapi_hook.py:176} INFO - DELETE FROM staging_events
[2021-02-04 14:26:05,292] {taskinstance.py:1150} ERROR - relation "staging_events" does not exist
Traceback (most recent call last):
  File "/usr/local/lib/python3.9/site-packages/airflow/models/taskinstance.py", line 984, in _run_raw_task
    result = task_copy.execute(context=context)
  File "/Users/trevorransom/Documents/01 Coding/03 Data Engineering/Udacity/05 Airflow/plugins/operators/stage_redshift.py", line 62, in execute
    redshift.run('DELETE FROM {}'.format(self.table))
  File "/usr/local/lib/python3.9/site-packages/airflow/hooks/dbapi_hook.py", line 177, in run
    cur.execute(s)
psycopg2.errors.UndefinedTable: relation "staging_events" does not exist

[2021-02-04 14:26:05,299] {taskinstance.py:1187} INFO - Marking task as UP_FOR_RETRY. dag_id=udac_example_dag, task_id=Stage_events, execution_date=20210204T122547, start_date=20210204T122603, end_date=20210204T122605
[2021-02-04 14:26:08,417] {local_task_job.py:102} INFO - Task exited with return code 1
