[2021-01-29 15:18:06,410] {taskinstance.py:826} INFO - Dependencies all met for <TaskInstance: udac_example_dag.Stage_songs 2019-01-12T03:00:00+00:00 [queued]>
[2021-01-29 15:18:06,414] {taskinstance.py:826} INFO - Dependencies all met for <TaskInstance: udac_example_dag.Stage_songs 2019-01-12T03:00:00+00:00 [queued]>
[2021-01-29 15:18:06,414] {taskinstance.py:1017} INFO - 
--------------------------------------------------------------------------------
[2021-01-29 15:18:06,414] {taskinstance.py:1018} INFO - Starting attempt 1 of 1
[2021-01-29 15:18:06,414] {taskinstance.py:1019} INFO - 
--------------------------------------------------------------------------------
[2021-01-29 15:18:06,419] {taskinstance.py:1038} INFO - Executing <Task(StageToRedshiftOperator): Stage_songs> on 2019-01-12T03:00:00+00:00
[2021-01-29 15:18:06,421] {standard_task_runner.py:51} INFO - Started process 45505 to run task
[2021-01-29 15:18:06,427] {standard_task_runner.py:75} INFO - Running: ['airflow', 'tasks', 'run', 'udac_example_dag', 'Stage_songs', '2019-01-12T03:00:00+00:00', '--job-id', '27', '--pool', 'default_pool', '--raw', '--subdir', 'DAGS_FOLDER/udac_example_dag.py', '--cfg-path', '/var/folders/ys/hb038j3904j77l4dkb4zk2ym0000gq/T/tmp8mg444ps']
[2021-01-29 15:18:06,428] {standard_task_runner.py:76} INFO - Job 27: Subtask Stage_songs
[2021-01-29 15:18:06,457] {logging_mixin.py:103} INFO - Running <TaskInstance: udac_example_dag.Stage_songs 2019-01-12T03:00:00+00:00 [running]> on host 1.0.0.0.0.0.0.0.0.0.0.0.0.0.0.0.0.0.0.0.0.0.0.0.0.0.0.0.0.0.0.0.ip6.arpa
[2021-01-29 15:18:06,483] {taskinstance.py:1230} INFO - Exporting the following env vars:
AIRFLOW_CTX_DAG_OWNER=udacity
AIRFLOW_CTX_DAG_ID=udac_example_dag
AIRFLOW_CTX_TASK_ID=Stage_songs
AIRFLOW_CTX_EXECUTION_DATE=2019-01-12T03:00:00+00:00
AIRFLOW_CTX_DAG_RUN_ID=scheduled__2019-01-12T03:00:00+00:00
[2021-01-29 15:18:06,484] {stage_redshift.py:21} INFO - StageToRedshiftOperator not implemented yet
[2021-01-29 15:18:06,490] {taskinstance.py:1135} INFO - Marking task as SUCCESS. dag_id=udac_example_dag, task_id=Stage_songs, execution_date=20190112T030000, start_date=20210129T131806, end_date=20210129T131806
[2021-01-29 15:18:06,502] {taskinstance.py:1195} INFO - 0 downstream tasks scheduled from follow-on schedule check
[2021-01-29 15:18:06,523] {local_task_job.py:118} INFO - Task exited with return code 0
[2021-02-04 12:02:40,567] {taskinstance.py:670} INFO - Dependencies all met for <TaskInstance: udac_example_dag.Stage_songs 2019-01-12T03:00:00+00:00 [queued]>
[2021-02-04 12:02:40,574] {taskinstance.py:670} INFO - Dependencies all met for <TaskInstance: udac_example_dag.Stage_songs 2019-01-12T03:00:00+00:00 [queued]>
[2021-02-04 12:02:40,574] {taskinstance.py:880} INFO - 
--------------------------------------------------------------------------------
[2021-02-04 12:02:40,574] {taskinstance.py:881} INFO - Starting attempt 1 of 4
[2021-02-04 12:02:40,574] {taskinstance.py:882} INFO - 
--------------------------------------------------------------------------------
[2021-02-04 12:02:40,577] {taskinstance.py:901} INFO - Executing <Task(StageToRedshiftOperator): Stage_songs> on 2019-01-12T03:00:00+00:00
[2021-02-04 12:02:40,582] {standard_task_runner.py:54} INFO - Started process 94144 to run task
[2021-02-04 12:02:40,612] {standard_task_runner.py:77} INFO - Running: ['airflow', 'run', 'udac_example_dag', 'Stage_songs', '2019-01-12T03:00:00+00:00', '--job_id', '52', '--pool', 'default_pool', '--raw', '-sd', 'DAGS_FOLDER/udac_example_dag.py', '--cfg_path', '/var/folders/ys/hb038j3904j77l4dkb4zk2ym0000gq/T/tmpnpa1p99f']
[2021-02-04 12:02:40,612] {standard_task_runner.py:78} INFO - Job 52: Subtask Stage_songs
[2021-02-04 12:02:40,630] {logging_mixin.py:112} INFO - Running <TaskInstance: udac_example_dag.Stage_songs 2019-01-12T03:00:00+00:00 [running]> on host 1.0.0.0.0.0.0.0.0.0.0.0.0.0.0.0.0.0.0.0.0.0.0.0.0.0.0.0.0.0.0.0.ip6.arpa
[2021-02-04 12:02:40,640] {taskinstance.py:1150} ERROR - 'StageToRedshiftOperator' object has no attribute 's'
Traceback (most recent call last):
  File "/usr/local/lib/python3.9/site-packages/airflow/models/taskinstance.py", line 965, in _run_raw_task
    self.render_templates(context=context)
  File "/usr/local/lib/python3.9/site-packages/airflow/models/taskinstance.py", line 1424, in render_templates
    self.task.render_template_fields(context)
  File "/usr/local/lib/python3.9/site-packages/airflow/models/baseoperator.py", line 719, in render_template_fields
    self._do_render_template_fields(self, self.template_fields, context, jinja_env, set())
  File "/usr/local/lib/python3.9/site-packages/airflow/models/baseoperator.py", line 724, in _do_render_template_fields
    content = getattr(parent, attr_name)
AttributeError: 'StageToRedshiftOperator' object has no attribute 's'
[2021-02-04 12:02:40,641] {taskinstance.py:1187} INFO - Marking task as UP_FOR_RETRY. dag_id=udac_example_dag, task_id=Stage_songs, execution_date=20190112T030000, start_date=20210204T100240, end_date=20210204T100240
[2021-02-04 12:02:45,568] {local_task_job.py:102} INFO - Task exited with return code 1
