[2021-02-04 12:01:31,217] {taskinstance.py:670} INFO - Dependencies all met for <TaskInstance: udac_example_dag.Stage_songs 2021-02-04T09:58:53.356116+00:00 [queued]>
[2021-02-04 12:01:31,223] {taskinstance.py:670} INFO - Dependencies all met for <TaskInstance: udac_example_dag.Stage_songs 2021-02-04T09:58:53.356116+00:00 [queued]>
[2021-02-04 12:01:31,223] {taskinstance.py:880} INFO - 
--------------------------------------------------------------------------------
[2021-02-04 12:01:31,223] {taskinstance.py:881} INFO - Starting attempt 1 of 4
[2021-02-04 12:01:31,223] {taskinstance.py:882} INFO - 
--------------------------------------------------------------------------------
[2021-02-04 12:01:31,226] {taskinstance.py:901} INFO - Executing <Task(StageToRedshiftOperator): Stage_songs> on 2021-02-04T09:58:53.356116+00:00
[2021-02-04 12:01:31,230] {standard_task_runner.py:54} INFO - Started process 93349 to run task
[2021-02-04 12:01:31,259] {standard_task_runner.py:77} INFO - Running: ['airflow', 'run', 'udac_example_dag', 'Stage_songs', '2021-02-04T09:58:53.356116+00:00', '--job_id', '41', '--pool', 'default_pool', '--raw', '-sd', 'DAGS_FOLDER/udac_example_dag.py', '--cfg_path', '/var/folders/ys/hb038j3904j77l4dkb4zk2ym0000gq/T/tmpnlogskrn']
[2021-02-04 12:01:31,260] {standard_task_runner.py:78} INFO - Job 41: Subtask Stage_songs
[2021-02-04 12:01:31,276] {logging_mixin.py:112} INFO - Running <TaskInstance: udac_example_dag.Stage_songs 2021-02-04T09:58:53.356116+00:00 [running]> on host 1.0.0.0.0.0.0.0.0.0.0.0.0.0.0.0.0.0.0.0.0.0.0.0.0.0.0.0.0.0.0.0.ip6.arpa
[2021-02-04 12:01:31,284] {taskinstance.py:1150} ERROR - 'StageToRedshiftOperator' object has no attribute 's'
Traceback (most recent call last):
  File "/usr/local/lib/python3.9/site-packages/airflow/models/taskinstance.py", line 965, in _run_raw_task
    self.render_templates(context=context)
  File "/usr/local/lib/python3.9/site-packages/airflow/models/taskinstance.py", line 1424, in render_templates
    self.task.render_template_fields(context)
  File "/usr/local/lib/python3.9/site-packages/airflow/models/baseoperator.py", line 719, in render_template_fields
    self._do_render_template_fields(self, self.template_fields, context, jinja_env, set())
  File "/usr/local/lib/python3.9/site-packages/airflow/models/baseoperator.py", line 724, in _do_render_template_fields
    content = getattr(parent, attr_name)
AttributeError: 'StageToRedshiftOperator' object has no attribute 's'
[2021-02-04 12:01:31,285] {taskinstance.py:1187} INFO - Marking task as UP_FOR_RETRY. dag_id=udac_example_dag, task_id=Stage_songs, execution_date=20210204T095853, start_date=20210204T100131, end_date=20210204T100131
[2021-02-04 12:01:36,241] {local_task_job.py:102} INFO - Task exited with return code 1
