[2021-02-04 17:14:03,217] {taskinstance.py:670} INFO - Dependencies all met for <TaskInstance: udac_example_dag.Stage_events 2019-01-16T09:00:00+00:00 [queued]>
[2021-02-04 17:14:03,226] {taskinstance.py:670} INFO - Dependencies all met for <TaskInstance: udac_example_dag.Stage_events 2019-01-16T09:00:00+00:00 [queued]>
[2021-02-04 17:14:03,226] {taskinstance.py:880} INFO - 
--------------------------------------------------------------------------------
[2021-02-04 17:14:03,226] {taskinstance.py:881} INFO - Starting attempt 1 of 4
[2021-02-04 17:14:03,226] {taskinstance.py:882} INFO - 
--------------------------------------------------------------------------------
[2021-02-04 17:14:03,229] {taskinstance.py:901} INFO - Executing <Task(StageToRedshiftOperator): Stage_events> on 2019-01-16T09:00:00+00:00
[2021-02-04 17:14:03,232] {standard_task_runner.py:54} INFO - Started process 42363 to run task
[2021-02-04 17:14:03,272] {standard_task_runner.py:77} INFO - Running: ['airflow', 'run', 'udac_example_dag', 'Stage_events', '2019-01-16T09:00:00+00:00', '--job_id', '708', '--pool', 'default_pool', '--raw', '-sd', 'DAGS_FOLDER/udac_example_dag.py', '--cfg_path', '/var/folders/ys/hb038j3904j77l4dkb4zk2ym0000gq/T/tmplro7u4xg']
[2021-02-04 17:14:03,273] {standard_task_runner.py:78} INFO - Job 708: Subtask Stage_events
[2021-02-04 17:14:03,294] {logging_mixin.py:112} INFO - Running <TaskInstance: udac_example_dag.Stage_events 2019-01-16T09:00:00+00:00 [running]> on host Trevors-MacBook-Air.local
[2021-02-04 17:14:03,359] {stage_redshift.py:57} INFO - Clearing data from destination Redshift table: staging_events
[2021-02-04 17:14:03,361] {base_hook.py:89} INFO - Using connection to: id: redshift. Host: redshift-cluster-airflow.ca3iipyjqhur.us-west-2.redshift.amazonaws.com, Port: 5439, Schema: dev, Login: awsuser, Password: XXXXXXXX, extra: None
[2021-02-04 17:14:04,677] {dbapi_hook.py:176} INFO - DELETE FROM staging_events
[2021-02-04 17:14:05,298] {stage_redshift.py:60} INFO - Copying data from S3 to Redshift
[2021-02-04 17:14:05,304] {base_hook.py:89} INFO - Using connection to: id: redshift. Host: redshift-cluster-airflow.ca3iipyjqhur.us-west-2.redshift.amazonaws.com, Port: 5439, Schema: dev, Login: awsuser, Password: XXXXXXXX, extra: None
[2021-02-04 17:14:06,618] {dbapi_hook.py:176} INFO - 
        COPY staging_events
        FROM 's3://udacity-dend/log_data'
        ACCESS_KEY_ID 'AKIA2IMWSL5GKAQJ27TS'
        SECRET_ACCESS_KEY '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'
        IGNOREHEADER 1
        DELIMITER ','
    
[2021-02-04 17:14:07,135] {taskinstance.py:1150} ERROR - Load into table 'staging_events' failed.  Check 'stl_load_errors' system table for details.
Traceback (most recent call last):
  File "/usr/local/lib/python3.9/site-packages/airflow/models/taskinstance.py", line 984, in _run_raw_task
    result = task_copy.execute(context=context)
  File "/Users/trevorransom/Documents/01 Coding/03 Data Engineering/Udacity/05 Airflow/plugins/operators/stage_redshift.py", line 71, in execute
    redshift.run(formatted_sql)
  File "/usr/local/lib/python3.9/site-packages/airflow/hooks/dbapi_hook.py", line 177, in run
    cur.execute(s)
psycopg2.errors.InternalError_: Load into table 'staging_events' failed.  Check 'stl_load_errors' system table for details.

[2021-02-04 17:14:07,142] {taskinstance.py:1187} INFO - Marking task as UP_FOR_RETRY. dag_id=udac_example_dag, task_id=Stage_events, execution_date=20190116T090000, start_date=20210204T151403, end_date=20210204T151407
[2021-02-04 17:14:08,229] {local_task_job.py:102} INFO - Task exited with return code 1
