[2021-02-05 10:43:17,080] {taskinstance.py:670} INFO - Dependencies all met for <TaskInstance: udac_example_dag.Stage_events 2019-01-17T16:00:00+00:00 [queued]>
[2021-02-05 10:43:17,087] {taskinstance.py:670} INFO - Dependencies all met for <TaskInstance: udac_example_dag.Stage_events 2019-01-17T16:00:00+00:00 [queued]>
[2021-02-05 10:43:17,087] {taskinstance.py:880} INFO - 
--------------------------------------------------------------------------------
[2021-02-05 10:43:17,087] {taskinstance.py:881} INFO - Starting attempt 4 of 4
[2021-02-05 10:43:17,087] {taskinstance.py:882} INFO - 
--------------------------------------------------------------------------------
[2021-02-05 10:43:17,090] {taskinstance.py:901} INFO - Executing <Task(StageToRedshiftOperator): Stage_events> on 2019-01-17T16:00:00+00:00
[2021-02-05 10:43:17,094] {standard_task_runner.py:54} INFO - Started process 4545 to run task
[2021-02-05 10:43:17,124] {standard_task_runner.py:77} INFO - Running: ['airflow', 'run', 'udac_example_dag', 'Stage_events', '2019-01-17T16:00:00+00:00', '--job_id', '919', '--pool', 'default_pool', '--raw', '-sd', 'DAGS_FOLDER/udac_example_dag.py', '--cfg_path', '/var/folders/ys/hb038j3904j77l4dkb4zk2ym0000gq/T/tmpvenor1fv']
[2021-02-05 10:43:17,131] {standard_task_runner.py:78} INFO - Job 919: Subtask Stage_events
[2021-02-05 10:43:17,149] {logging_mixin.py:112} INFO - Running <TaskInstance: udac_example_dag.Stage_events 2019-01-17T16:00:00+00:00 [running]> on host 1.0.0.0.0.0.0.0.0.0.0.0.0.0.0.0.0.0.0.0.0.0.0.0.0.0.0.0.0.0.0.0.ip6.arpa
[2021-02-05 10:43:17,208] {stage_redshift.py:57} INFO - Clearing data from destination Redshift table: staging_events
[2021-02-05 10:43:17,210] {base_hook.py:89} INFO - Using connection to: id: redshift. Host: redshift-cluster-airflow.ca3iipyjqhur.us-west-2.redshift.amazonaws.com, Port: 5439, Schema: dev, Login: awsuser, Password: XXXXXXXX, extra: None
[2021-02-05 10:43:18,539] {dbapi_hook.py:176} INFO - DELETE FROM staging_events
[2021-02-05 10:43:19,157] {stage_redshift.py:60} INFO - Copying data from S3 to Redshift
[2021-02-05 10:43:19,169] {base_hook.py:89} INFO - Using connection to: id: redshift. Host: redshift-cluster-airflow.ca3iipyjqhur.us-west-2.redshift.amazonaws.com, Port: 5439, Schema: dev, Login: awsuser, Password: XXXXXXXX, extra: None
[2021-02-05 10:43:20,471] {dbapi_hook.py:176} INFO - 
        COPY staging_events
        FROM 's3://udacity-dend/log_data'
        ACCESS_KEY_ID 'AKIA2IMWSL5GKAQJ27TS'
        SECRET_ACCESS_KEY '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'
        IGNOREHEADER 1
        DELIMITER ','
    
[2021-02-05 10:43:21,003] {taskinstance.py:1150} ERROR - Load into table 'staging_events' failed.  Check 'stl_load_errors' system table for details.
Traceback (most recent call last):
  File "/usr/local/lib/python3.9/site-packages/airflow/models/taskinstance.py", line 984, in _run_raw_task
    result = task_copy.execute(context=context)
  File "/Users/trevorransom/Documents/01 Coding/03 Data Engineering/Udacity/05 Airflow/plugins/operators/stage_redshift.py", line 71, in execute
    redshift.run(formatted_sql)
  File "/usr/local/lib/python3.9/site-packages/airflow/hooks/dbapi_hook.py", line 177, in run
    cur.execute(s)
psycopg2.errors.InternalError_: Load into table 'staging_events' failed.  Check 'stl_load_errors' system table for details.

[2021-02-05 10:43:21,008] {taskinstance.py:1187} INFO - Marking task as FAILED. dag_id=udac_example_dag, task_id=Stage_events, execution_date=20190117T160000, start_date=20210205T084317, end_date=20210205T084321
[2021-02-05 10:43:22,086] {local_task_job.py:102} INFO - Task exited with return code 1
