[2021-02-04 14:27:11,524] {taskinstance.py:670} INFO - Dependencies all met for <TaskInstance: udac_example_dag.Stage_events 2019-01-12T15:00:00+00:00 [queued]>
[2021-02-04 14:27:11,531] {taskinstance.py:670} INFO - Dependencies all met for <TaskInstance: udac_example_dag.Stage_events 2019-01-12T15:00:00+00:00 [queued]>
[2021-02-04 14:27:11,531] {taskinstance.py:880} INFO - 
--------------------------------------------------------------------------------
[2021-02-04 14:27:11,531] {taskinstance.py:881} INFO - Starting attempt 3 of 5
[2021-02-04 14:27:11,531] {taskinstance.py:882} INFO - 
--------------------------------------------------------------------------------
[2021-02-04 14:27:11,534] {taskinstance.py:901} INFO - Executing <Task(StageToRedshiftOperator): Stage_events> on 2019-01-12T15:00:00+00:00
[2021-02-04 14:27:11,539] {standard_task_runner.py:54} INFO - Started process 57829 to run task
[2021-02-04 14:27:11,569] {standard_task_runner.py:77} INFO - Running: ['airflow', 'run', 'udac_example_dag', 'Stage_events', '2019-01-12T15:00:00+00:00', '--job_id', '178', '--pool', 'default_pool', '--raw', '-sd', 'DAGS_FOLDER/udac_example_dag.py', '--cfg_path', '/var/folders/ys/hb038j3904j77l4dkb4zk2ym0000gq/T/tmpzdlr3h2g']
[2021-02-04 14:27:11,570] {standard_task_runner.py:78} INFO - Job 178: Subtask Stage_events
[2021-02-04 14:27:11,588] {logging_mixin.py:112} INFO - Running <TaskInstance: udac_example_dag.Stage_events 2019-01-12T15:00:00+00:00 [running]> on host 1.0.0.0.0.0.0.0.0.0.0.0.0.0.0.0.0.0.0.0.0.0.0.0.0.0.0.0.0.0.0.0.ip6.arpa
[2021-02-04 14:27:11,601] {stage_redshift.py:56} INFO - StageToRedshiftOperator not implemented yet
[2021-02-04 14:27:11,654] {stage_redshift.py:61} INFO - Clearing data from destination Redshift table: staging_events
[2021-02-04 14:27:11,656] {base_hook.py:89} INFO - Using connection to: id: redshift. Host: redshift-cluster-airflow.ca3iipyjqhur.us-west-2.redshift.amazonaws.com, Port: 5439, Schema: dev, Login: awsuser, Password: XXXXXXXX, extra: None
[2021-02-04 14:27:12,976] {dbapi_hook.py:176} INFO - DELETE FROM staging_events IF EXISTS
[2021-02-04 14:27:13,345] {taskinstance.py:1150} ERROR - syntax error at or near "IF"
LINE 1: DELETE FROM staging_events IF EXISTS
                                   ^
Traceback (most recent call last):
  File "/usr/local/lib/python3.9/site-packages/airflow/models/taskinstance.py", line 984, in _run_raw_task
    result = task_copy.execute(context=context)
  File "/Users/trevorransom/Documents/01 Coding/03 Data Engineering/Udacity/05 Airflow/plugins/operators/stage_redshift.py", line 62, in execute
    redshift.run('DELETE FROM {} IF EXISTS'.format(self.table))
  File "/usr/local/lib/python3.9/site-packages/airflow/hooks/dbapi_hook.py", line 177, in run
    cur.execute(s)
psycopg2.errors.SyntaxError: syntax error at or near "IF"
LINE 1: DELETE FROM staging_events IF EXISTS
                                   ^

[2021-02-04 14:27:13,352] {taskinstance.py:1187} INFO - Marking task as UP_FOR_RETRY. dag_id=udac_example_dag, task_id=Stage_events, execution_date=20190112T150000, start_date=20210204T122711, end_date=20210204T122713
[2021-02-04 14:27:16,525] {local_task_job.py:102} INFO - Task exited with return code 1
