[2021-02-05 11:20:16,992] {taskinstance.py:670} INFO - Dependencies all met for <TaskInstance: udac_example_dag.Stage_songs 2021-01-12T01:00:00+00:00 [queued]>
[2021-02-05 11:20:17,001] {taskinstance.py:670} INFO - Dependencies all met for <TaskInstance: udac_example_dag.Stage_songs 2021-01-12T01:00:00+00:00 [queued]>
[2021-02-05 11:20:17,001] {taskinstance.py:880} INFO - 
--------------------------------------------------------------------------------
[2021-02-05 11:20:17,001] {taskinstance.py:881} INFO - Starting attempt 1 of 4
[2021-02-05 11:20:17,001] {taskinstance.py:882} INFO - 
--------------------------------------------------------------------------------
[2021-02-05 11:20:17,005] {taskinstance.py:901} INFO - Executing <Task(StageToRedshiftOperator): Stage_songs> on 2021-01-12T01:00:00+00:00
[2021-02-05 11:20:17,009] {standard_task_runner.py:54} INFO - Started process 30532 to run task
[2021-02-05 11:20:17,048] {standard_task_runner.py:77} INFO - Running: ['airflow', 'run', 'udac_example_dag', 'Stage_songs', '2021-01-12T01:00:00+00:00', '--job_id', '1031', '--pool', 'default_pool', '--raw', '-sd', 'DAGS_FOLDER/udac_example_dag.py', '--cfg_path', '/var/folders/ys/hb038j3904j77l4dkb4zk2ym0000gq/T/tmp5lzqcgic']
[2021-02-05 11:20:17,049] {standard_task_runner.py:78} INFO - Job 1031: Subtask Stage_songs
[2021-02-05 11:20:17,067] {logging_mixin.py:112} INFO - Running <TaskInstance: udac_example_dag.Stage_songs 2021-01-12T01:00:00+00:00 [running]> on host trevors-macbook-air.local
[2021-02-05 11:20:17,126] {stage_redshift.py:57} INFO - Clearing data from destination Redshift table: staging_songs
[2021-02-05 11:20:17,128] {base_hook.py:89} INFO - Using connection to: id: redshift. Host: redshift-cluster-airflow.ca3iipyjqhur.us-west-2.redshift.amazonaws.com, Port: 5439, Schema: dev, Login: awsuser, Password: XXXXXXXX, extra: None
[2021-02-05 11:20:18,455] {dbapi_hook.py:176} INFO - DELETE FROM staging_songs
[2021-02-05 11:20:19,168] {stage_redshift.py:60} INFO - Copying data from S3 to Redshift
[2021-02-05 11:20:19,177] {base_hook.py:89} INFO - Using connection to: id: redshift. Host: redshift-cluster-airflow.ca3iipyjqhur.us-west-2.redshift.amazonaws.com, Port: 5439, Schema: dev, Login: awsuser, Password: XXXXXXXX, extra: None
[2021-02-05 11:20:20,486] {dbapi_hook.py:176} INFO - 
        COPY staging_songs
        FROM 's3://udacity-dend/song_data/A/A/A/'
        ACCESS_KEY_ID 'AKIA2IMWSL5GKAQJ27TS'
        SECRET_ACCESS_KEY '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'
        IGNOREHEADER 1
        DELIMITER ','
    
[2021-02-05 11:20:22,309] {taskinstance.py:1057} INFO - Marking task as SUCCESS.dag_id=udac_example_dag, task_id=Stage_songs, execution_date=20210112T010000, start_date=20210205T092016, end_date=20210205T092022
[2021-02-05 11:20:27,019] {local_task_job.py:102} INFO - Task exited with return code 0
