[2021-02-05 12:27:50,032] {taskinstance.py:670} INFO - Dependencies all met for <TaskInstance: udac_example_dag.Stage_songs 2021-01-14T01:00:00+00:00 [queued]>
[2021-02-05 12:27:50,038] {taskinstance.py:670} INFO - Dependencies all met for <TaskInstance: udac_example_dag.Stage_songs 2021-01-14T01:00:00+00:00 [queued]>
[2021-02-05 12:27:50,038] {taskinstance.py:880} INFO - 
--------------------------------------------------------------------------------
[2021-02-05 12:27:50,038] {taskinstance.py:881} INFO - Starting attempt 1 of 4
[2021-02-05 12:27:50,038] {taskinstance.py:882} INFO - 
--------------------------------------------------------------------------------
[2021-02-05 12:27:50,041] {taskinstance.py:901} INFO - Executing <Task(StageToRedshiftOperator): Stage_songs> on 2021-01-14T01:00:00+00:00
[2021-02-05 12:27:50,044] {standard_task_runner.py:54} INFO - Started process 77264 to run task
[2021-02-05 12:27:50,075] {standard_task_runner.py:77} INFO - Running: ['airflow', 'run', 'udac_example_dag', 'Stage_songs', '2021-01-14T01:00:00+00:00', '--job_id', '1141', '--pool', 'default_pool', '--raw', '-sd', 'DAGS_FOLDER/udac_example_dag.py', '--cfg_path', '/var/folders/ys/hb038j3904j77l4dkb4zk2ym0000gq/T/tmpm4ft_39o']
[2021-02-05 12:27:50,076] {standard_task_runner.py:78} INFO - Job 1141: Subtask Stage_songs
[2021-02-05 12:27:50,099] {logging_mixin.py:112} INFO - Running <TaskInstance: udac_example_dag.Stage_songs 2021-01-14T01:00:00+00:00 [running]> on host 1.0.0.0.0.0.0.0.0.0.0.0.0.0.0.0.0.0.0.0.0.0.0.0.0.0.0.0.0.0.0.0.ip6.arpa
[2021-02-05 12:27:50,158] {stage_redshift.py:59} INFO - Clearing data from destination Redshift table: staging_songs
[2021-02-05 12:27:50,161] {base_hook.py:89} INFO - Using connection to: id: redshift. Host: redshift-cluster-airflow.ca3iipyjqhur.us-west-2.redshift.amazonaws.com, Port: 5439, Schema: dev, Login: awsuser, Password: XXXXXXXX, extra: None
[2021-02-05 12:27:51,478] {dbapi_hook.py:176} INFO - DELETE FROM staging_songs
[2021-02-05 12:27:52,099] {stage_redshift.py:62} INFO - Copying data from S3 to Redshift
[2021-02-05 12:27:52,105] {base_hook.py:89} INFO - Using connection to: id: redshift. Host: redshift-cluster-airflow.ca3iipyjqhur.us-west-2.redshift.amazonaws.com, Port: 5439, Schema: dev, Login: awsuser, Password: XXXXXXXX, extra: None
[2021-02-05 12:27:53,423] {dbapi_hook.py:176} INFO - 
        COPY staging_songs
        FROM 's3://udacity-dend/song_data/A/A/A'
        ACCESS_KEY_ID 'AKIA2IMWSL5GKAQJ27TS'
        SECRET_ACCESS_KEY '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'
        REGION 'us-west-2'
        JSON '1'
        COMPUPDATE OFF
    
[2021-02-05 12:27:53,855] {taskinstance.py:1150} ERROR - S3 path "1" has invalid format.
DETAIL:  
  -----------------------------------------------
  error:  S3 path "1" has invalid format.
  code:      8001
  context:   Parsing S3 Bucket
  query:     404
  location:  s3_utility.cpp:131
  process:   padbmaster [pid=16389]
  -----------------------------------------------

Traceback (most recent call last):
  File "/usr/local/lib/python3.9/site-packages/airflow/models/taskinstance.py", line 984, in _run_raw_task
    result = task_copy.execute(context=context)
  File "/Users/trevorransom/Documents/01 Coding/03 Data Engineering/Udacity/05 Airflow/plugins/operators/stage_redshift.py", line 74, in execute
    redshift.run(formatted_sql)
  File "/usr/local/lib/python3.9/site-packages/airflow/hooks/dbapi_hook.py", line 177, in run
    cur.execute(s)
psycopg2.errors.InternalError_: S3 path "1" has invalid format.
DETAIL:  
  -----------------------------------------------
  error:  S3 path "1" has invalid format.
  code:      8001
  context:   Parsing S3 Bucket
  query:     404
  location:  s3_utility.cpp:131
  process:   padbmaster [pid=16389]
  -----------------------------------------------


[2021-02-05 12:27:53,866] {taskinstance.py:1187} INFO - Marking task as UP_FOR_RETRY. dag_id=udac_example_dag, task_id=Stage_songs, execution_date=20210114T010000, start_date=20210205T102750, end_date=20210205T102753
[2021-02-05 12:27:55,047] {local_task_job.py:102} INFO - Task exited with return code 1
