[2021-02-05 16:54:29,214] {taskinstance.py:670} INFO - Dependencies all met for <TaskInstance: udac_example_dag.Stage_events 2021-01-15T16:00:00+00:00 [queued]>
[2021-02-05 16:54:29,225] {taskinstance.py:670} INFO - Dependencies all met for <TaskInstance: udac_example_dag.Stage_events 2021-01-15T16:00:00+00:00 [queued]>
[2021-02-05 16:54:29,225] {taskinstance.py:880} INFO - 
--------------------------------------------------------------------------------
[2021-02-05 16:54:29,225] {taskinstance.py:881} INFO - Starting attempt 1 of 4
[2021-02-05 16:54:29,225] {taskinstance.py:882} INFO - 
--------------------------------------------------------------------------------
[2021-02-05 16:54:29,229] {taskinstance.py:901} INFO - Executing <Task(StageToRedshiftOperator): Stage_events> on 2021-01-15T16:00:00+00:00
[2021-02-05 16:54:29,238] {standard_task_runner.py:54} INFO - Started process 13626 to run task
[2021-02-05 16:54:29,291] {standard_task_runner.py:77} INFO - Running: ['airflow', 'run', 'udac_example_dag', 'Stage_events', '2021-01-15T16:00:00+00:00', '--job_id', '1248', '--pool', 'default_pool', '--raw', '-sd', 'DAGS_FOLDER/udac_example_dag.py', '--cfg_path', '/var/folders/ys/hb038j3904j77l4dkb4zk2ym0000gq/T/tmp55b1cpeo']
[2021-02-05 16:54:29,295] {standard_task_runner.py:78} INFO - Job 1248: Subtask Stage_events
[2021-02-05 16:54:29,315] {logging_mixin.py:112} INFO - Running <TaskInstance: udac_example_dag.Stage_events 2021-01-15T16:00:00+00:00 [running]> on host 1.0.0.0.0.0.0.0.0.0.0.0.0.0.0.0.0.0.0.0.0.0.0.0.0.0.0.0.0.0.0.0.ip6.arpa
[2021-02-05 16:54:29,384] {stage_redshift.py:62} INFO - Clearing data from destination Redshift table: staging_events
[2021-02-05 16:54:29,386] {base_hook.py:89} INFO - Using connection to: id: redshift. Host: redshift-cluster-airflow.ca3iipyjqhur.us-west-2.redshift.amazonaws.com, Port: 5439, Schema: dev, Login: awsuser, Password: XXXXXXXX, extra: None
[2021-02-05 16:54:30,776] {dbapi_hook.py:176} INFO - DELETE FROM staging_events
[2021-02-05 16:54:31,583] {stage_redshift.py:65} INFO - Copying data from S3 to Redshift
[2021-02-05 16:54:31,589] {base_hook.py:89} INFO - Using connection to: id: redshift. Host: redshift-cluster-airflow.ca3iipyjqhur.us-west-2.redshift.amazonaws.com, Port: 5439, Schema: dev, Login: awsuser, Password: XXXXXXXX, extra: None
[2021-02-05 16:54:32,911] {dbapi_hook.py:176} INFO - 
        COPY staging_events
        FROM 's3://udacity-dend/log_data/2018/11/2018-11-01-events.json'
        ACCESS_KEY_ID 'AKIA2IMWSL5GKAQJ27TS'
        SECRET_ACCESS_KEY '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'
        REGION 'us-west-2'
        JSON 's3://udacity-dend/log_json_path.json'
        COMPUPDATE OFF
    
[2021-02-05 16:54:34,489] {taskinstance.py:1057} INFO - Marking task as SUCCESS.dag_id=udac_example_dag, task_id=Stage_events, execution_date=20210115T160000, start_date=20210205T145429, end_date=20210205T145434
[2021-02-05 16:54:39,214] {local_task_job.py:102} INFO - Task exited with return code 0
