[2021-02-05 16:32:50,078] {taskinstance.py:670} INFO - Dependencies all met for <TaskInstance: udac_example_dag.Stage_songs 2021-01-14T16:00:00+00:00 [queued]>
[2021-02-05 16:32:50,098] {taskinstance.py:670} INFO - Dependencies all met for <TaskInstance: udac_example_dag.Stage_songs 2021-01-14T16:00:00+00:00 [queued]>
[2021-02-05 16:32:50,098] {taskinstance.py:880} INFO - 
--------------------------------------------------------------------------------
[2021-02-05 16:32:50,098] {taskinstance.py:881} INFO - Starting attempt 1 of 4
[2021-02-05 16:32:50,098] {taskinstance.py:882} INFO - 
--------------------------------------------------------------------------------
[2021-02-05 16:32:50,103] {taskinstance.py:901} INFO - Executing <Task(StageToRedshiftOperator): Stage_songs> on 2021-01-14T16:00:00+00:00
[2021-02-05 16:32:50,108] {standard_task_runner.py:54} INFO - Started process 97869 to run task
[2021-02-05 16:32:50,155] {standard_task_runner.py:77} INFO - Running: ['airflow', 'run', 'udac_example_dag', 'Stage_songs', '2021-01-14T16:00:00+00:00', '--job_id', '1200', '--pool', 'default_pool', '--raw', '-sd', 'DAGS_FOLDER/udac_example_dag.py', '--cfg_path', '/var/folders/ys/hb038j3904j77l4dkb4zk2ym0000gq/T/tmphb66gjyu']
[2021-02-05 16:32:50,156] {standard_task_runner.py:78} INFO - Job 1200: Subtask Stage_songs
[2021-02-05 16:32:50,188] {logging_mixin.py:112} INFO - Running <TaskInstance: udac_example_dag.Stage_songs 2021-01-14T16:00:00+00:00 [running]> on host trevors-macbook-air.local
[2021-02-05 16:32:50,260] {stage_redshift.py:62} INFO - Clearing data from destination Redshift table: staging_songs
[2021-02-05 16:32:50,264] {base_hook.py:89} INFO - Using connection to: id: redshift. Host: redshift-cluster-airflow.ca3iipyjqhur.us-west-2.redshift.amazonaws.com, Port: 5439, Schema: dev, Login: awsuser, Password: XXXXXXXX, extra: None
[2021-02-05 16:32:51,590] {dbapi_hook.py:176} INFO - DELETE FROM staging_songs
[2021-02-05 16:32:52,213] {stage_redshift.py:65} INFO - Copying data from S3 to Redshift
[2021-02-05 16:32:52,220] {base_hook.py:89} INFO - Using connection to: id: redshift. Host: redshift-cluster-airflow.ca3iipyjqhur.us-west-2.redshift.amazonaws.com, Port: 5439, Schema: dev, Login: awsuser, Password: XXXXXXXX, extra: None
[2021-02-05 16:32:53,530] {dbapi_hook.py:176} INFO - 
        COPY staging_songs
        FROM 's3://udacity-dend/song_data/A/A/A'
        ACCESS_KEY_ID 'AKIA2IMWSL5GKAQJ27TS'
        SECRET_ACCESS_KEY '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'
        REGION 'us-west-2'
        JSON 'auto'
        COMPUPDATE OFF
    
[2021-02-05 16:32:55,340] {taskinstance.py:1057} INFO - Marking task as SUCCESS.dag_id=udac_example_dag, task_id=Stage_songs, execution_date=20210114T160000, start_date=20210205T143250, end_date=20210205T143255
[2021-02-05 16:33:00,099] {local_task_job.py:102} INFO - Task exited with return code 0
