[2021-02-05 16:37:28,639] {taskinstance.py:670} INFO - Dependencies all met for <TaskInstance: udac_example_dag.Stage_songs 2021-01-15T07:00:00+00:00 [queued]>
[2021-02-05 16:37:28,644] {taskinstance.py:670} INFO - Dependencies all met for <TaskInstance: udac_example_dag.Stage_songs 2021-01-15T07:00:00+00:00 [queued]>
[2021-02-05 16:37:28,644] {taskinstance.py:880} INFO - 
--------------------------------------------------------------------------------
[2021-02-05 16:37:28,645] {taskinstance.py:881} INFO - Starting attempt 1 of 4
[2021-02-05 16:37:28,645] {taskinstance.py:882} INFO - 
--------------------------------------------------------------------------------
[2021-02-05 16:37:28,648] {taskinstance.py:901} INFO - Executing <Task(StageToRedshiftOperator): Stage_songs> on 2021-01-15T07:00:00+00:00
[2021-02-05 16:37:28,652] {standard_task_runner.py:54} INFO - Started process 1413 to run task
[2021-02-05 16:37:28,682] {standard_task_runner.py:77} INFO - Running: ['airflow', 'run', 'udac_example_dag', 'Stage_songs', '2021-01-15T07:00:00+00:00', '--job_id', '1230', '--pool', 'default_pool', '--raw', '-sd', 'DAGS_FOLDER/udac_example_dag.py', '--cfg_path', '/var/folders/ys/hb038j3904j77l4dkb4zk2ym0000gq/T/tmpm545xyov']
[2021-02-05 16:37:28,684] {standard_task_runner.py:78} INFO - Job 1230: Subtask Stage_songs
[2021-02-05 16:37:28,703] {logging_mixin.py:112} INFO - Running <TaskInstance: udac_example_dag.Stage_songs 2021-01-15T07:00:00+00:00 [running]> on host trevors-macbook-air.local
[2021-02-05 16:37:28,760] {stage_redshift.py:62} INFO - Clearing data from destination Redshift table: staging_songs
[2021-02-05 16:37:28,762] {base_hook.py:89} INFO - Using connection to: id: redshift. Host: redshift-cluster-airflow.ca3iipyjqhur.us-west-2.redshift.amazonaws.com, Port: 5439, Schema: dev, Login: awsuser, Password: XXXXXXXX, extra: None
[2021-02-05 16:37:30,080] {dbapi_hook.py:176} INFO - DELETE FROM staging_songs
[2021-02-05 16:37:30,851] {stage_redshift.py:65} INFO - Copying data from S3 to Redshift
[2021-02-05 16:37:30,860] {base_hook.py:89} INFO - Using connection to: id: redshift. Host: redshift-cluster-airflow.ca3iipyjqhur.us-west-2.redshift.amazonaws.com, Port: 5439, Schema: dev, Login: awsuser, Password: XXXXXXXX, extra: None
[2021-02-05 16:37:32,179] {dbapi_hook.py:176} INFO - 
        COPY staging_songs
        FROM 's3://udacity-dend/song_data/A/A/A'
        ACCESS_KEY_ID 'AKIA2IMWSL5GKAQJ27TS'
        SECRET_ACCESS_KEY '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'
        REGION 'us-west-2'
        JSON 'auto'
        COMPUPDATE OFF
    
[2021-02-05 16:37:33,661] {local_task_job.py:143} WARNING - The recorded hostname trevors-macbook-air.local does not match this instance's hostname 1.0.0.0.0.0.0.0.0.0.0.0.0.0.0.0.0.0.0.0.0.0.0.0.0.0.0.0.0.0.0.0.ip6.arpa
[2021-02-05 16:37:33,675] {helpers.py:325} INFO - Sending Signals.SIGTERM to GPID 1413
[2021-02-05 16:37:33,845] {taskinstance.py:955} ERROR - Received SIGTERM. Terminating subprocesses.
[2021-02-05 16:37:33,858] {taskinstance.py:1150} ERROR - Task received SIGTERM signal
Traceback (most recent call last):
  File "/usr/local/lib/python3.9/site-packages/airflow/models/taskinstance.py", line 984, in _run_raw_task
    result = task_copy.execute(context=context)
  File "/Users/trevorransom/Documents/01 Coding/03 Data Engineering/Udacity/05 Airflow/plugins/operators/stage_redshift.py", line 77, in execute
    redshift.run(formatted_sql)
  File "/usr/local/lib/python3.9/site-packages/airflow/hooks/dbapi_hook.py", line 182, in run
    conn.commit()
  File "/usr/local/lib/python3.9/site-packages/airflow/models/taskinstance.py", line 957, in signal_handler
    raise AirflowException("Task received SIGTERM signal")
airflow.exceptions.AirflowException: Task received SIGTERM signal
[2021-02-05 16:37:33,867] {taskinstance.py:1187} INFO - Marking task as UP_FOR_RETRY. dag_id=udac_example_dag, task_id=Stage_songs, execution_date=20210115T070000, start_date=20210205T143728, end_date=20210205T143733
[2021-02-05 16:37:33,919] {helpers.py:291} INFO - Process psutil.Process(pid=1413, status='terminated', exitcode=1, started='16:37:28') (1413) terminated with exit code 1
