[2021-02-04 12:03:12,740] {taskinstance.py:670} INFO - Dependencies all met for <TaskInstance: udac_example_dag.Stage_events 2019-01-12T05:00:00+00:00 [queued]>
[2021-02-04 12:03:12,747] {taskinstance.py:670} INFO - Dependencies all met for <TaskInstance: udac_example_dag.Stage_events 2019-01-12T05:00:00+00:00 [queued]>
[2021-02-04 12:03:12,747] {taskinstance.py:880} INFO - 
--------------------------------------------------------------------------------
[2021-02-04 12:03:12,747] {taskinstance.py:881} INFO - Starting attempt 1 of 4
[2021-02-04 12:03:12,747] {taskinstance.py:882} INFO - 
--------------------------------------------------------------------------------
[2021-02-04 12:03:12,750] {taskinstance.py:901} INFO - Executing <Task(StageToRedshiftOperator): Stage_events> on 2019-01-12T05:00:00+00:00
[2021-02-04 12:03:12,754] {standard_task_runner.py:54} INFO - Started process 94514 to run task
[2021-02-04 12:03:12,784] {standard_task_runner.py:77} INFO - Running: ['airflow', 'run', 'udac_example_dag', 'Stage_events', '2019-01-12T05:00:00+00:00', '--job_id', '57', '--pool', 'default_pool', '--raw', '-sd', 'DAGS_FOLDER/udac_example_dag.py', '--cfg_path', '/var/folders/ys/hb038j3904j77l4dkb4zk2ym0000gq/T/tmpollsxoyc']
[2021-02-04 12:03:12,785] {standard_task_runner.py:78} INFO - Job 57: Subtask Stage_events
[2021-02-04 12:03:12,802] {logging_mixin.py:112} INFO - Running <TaskInstance: udac_example_dag.Stage_events 2019-01-12T05:00:00+00:00 [running]> on host 1.0.0.0.0.0.0.0.0.0.0.0.0.0.0.0.0.0.0.0.0.0.0.0.0.0.0.0.0.0.0.0.ip6.arpa
[2021-02-04 12:03:12,811] {taskinstance.py:1150} ERROR - 'StageToRedshiftOperator' object has no attribute 's'
Traceback (most recent call last):
  File "/usr/local/lib/python3.9/site-packages/airflow/models/taskinstance.py", line 965, in _run_raw_task
    self.render_templates(context=context)
  File "/usr/local/lib/python3.9/site-packages/airflow/models/taskinstance.py", line 1424, in render_templates
    self.task.render_template_fields(context)
  File "/usr/local/lib/python3.9/site-packages/airflow/models/baseoperator.py", line 719, in render_template_fields
    self._do_render_template_fields(self, self.template_fields, context, jinja_env, set())
  File "/usr/local/lib/python3.9/site-packages/airflow/models/baseoperator.py", line 724, in _do_render_template_fields
    content = getattr(parent, attr_name)
AttributeError: 'StageToRedshiftOperator' object has no attribute 's'
[2021-02-04 12:03:12,813] {taskinstance.py:1187} INFO - Marking task as UP_FOR_RETRY. dag_id=udac_example_dag, task_id=Stage_events, execution_date=20190112T050000, start_date=20210204T100312, end_date=20210204T100312
[2021-02-04 12:03:17,740] {local_task_job.py:102} INFO - Task exited with return code 1
