[2021-02-04 14:17:05,747] {taskinstance.py:662} INFO - Dependencies not met for <TaskInstance: udac_example_dag.Stage_events 2019-01-12T05:00:00+00:00 [None]>, dependency 'Trigger Rule' FAILED: Task's trigger rule 'all_success' requires all upstream tasks to have succeeded, but found 1 non-success(es). upstream_tasks_state={'total': 1, 'successes': 0, 'skipped': 0, 'failed': 0, 'upstream_failed': 0, 'done': 0}, upstream_task_ids={'Begin_execution'}
[2021-02-04 14:17:05,749] {local_task_job.py:90} INFO - Task is not able to be run
[2021-02-04 14:19:49,868] {taskinstance.py:670} INFO - Dependencies all met for <TaskInstance: udac_example_dag.Stage_events 2019-01-12T05:00:00+00:00 [queued]>
[2021-02-04 14:19:49,875] {taskinstance.py:670} INFO - Dependencies all met for <TaskInstance: udac_example_dag.Stage_events 2019-01-12T05:00:00+00:00 [queued]>
[2021-02-04 14:19:49,875] {taskinstance.py:880} INFO - 
--------------------------------------------------------------------------------
[2021-02-04 14:19:49,875] {taskinstance.py:881} INFO - Starting attempt 3 of 6
[2021-02-04 14:19:49,875] {taskinstance.py:882} INFO - 
--------------------------------------------------------------------------------
[2021-02-04 14:19:49,878] {taskinstance.py:901} INFO - Executing <Task(StageToRedshiftOperator): Stage_events> on 2019-01-12T05:00:00+00:00
[2021-02-04 14:19:49,884] {standard_task_runner.py:54} INFO - Started process 52537 to run task
[2021-02-04 14:19:49,917] {standard_task_runner.py:77} INFO - Running: ['airflow', 'run', 'udac_example_dag', 'Stage_events', '2019-01-12T05:00:00+00:00', '--job_id', '145', '--pool', 'default_pool', '--raw', '-sd', 'DAGS_FOLDER/udac_example_dag.py', '--cfg_path', '/var/folders/ys/hb038j3904j77l4dkb4zk2ym0000gq/T/tmp6l7nskz6']
[2021-02-04 14:19:49,918] {standard_task_runner.py:78} INFO - Job 145: Subtask Stage_events
[2021-02-04 14:19:49,939] {logging_mixin.py:112} INFO - Running <TaskInstance: udac_example_dag.Stage_events 2019-01-12T05:00:00+00:00 [running]> on host 1.0.0.0.0.0.0.0.0.0.0.0.0.0.0.0.0.0.0.0.0.0.0.0.0.0.0.0.0.0.0.0.ip6.arpa
[2021-02-04 14:19:49,951] {stage_redshift.py:56} INFO - StageToRedshiftOperator not implemented yet
[2021-02-04 14:19:50,001] {stage_redshift.py:61} INFO - Clearing data from destination Redshift table: staging_events
[2021-02-04 14:19:50,004] {base_hook.py:89} INFO - Using connection to: id: redshift. Host: redshift-cluster-airflow.ca3iipyjqhur.us-west-2.redshift.amazonaws.com, Port: 5439, Schema: dev, Login: awsuser, Password: XXXXXXXX, extra: None
[2021-02-04 14:19:51,341] {dbapi_hook.py:176} INFO - DELETE FROM staging_events
[2021-02-04 14:19:51,725] {taskinstance.py:1150} ERROR - relation "staging_events" does not exist
Traceback (most recent call last):
  File "/usr/local/lib/python3.9/site-packages/airflow/models/taskinstance.py", line 984, in _run_raw_task
    result = task_copy.execute(context=context)
  File "/Users/trevorransom/Documents/01 Coding/03 Data Engineering/Udacity/05 Airflow/plugins/operators/stage_redshift.py", line 62, in execute
    redshift.run('DELETE FROM {}'.format(self.table))
  File "/usr/local/lib/python3.9/site-packages/airflow/hooks/dbapi_hook.py", line 177, in run
    cur.execute(s)
psycopg2.errors.UndefinedTable: relation "staging_events" does not exist

[2021-02-04 14:19:51,734] {taskinstance.py:1187} INFO - Marking task as UP_FOR_RETRY. dag_id=udac_example_dag, task_id=Stage_events, execution_date=20190112T050000, start_date=20210204T121949, end_date=20210204T121951
[2021-02-04 14:19:54,887] {local_task_job.py:102} INFO - Task exited with return code 1
