[2021-02-05 12:22:06,659] {taskinstance.py:670} INFO - Dependencies all met for <TaskInstance: udac_example_dag.Stage_songs 2021-01-13T12:00:00+00:00 [queued]>
[2021-02-05 12:22:06,666] {taskinstance.py:670} INFO - Dependencies all met for <TaskInstance: udac_example_dag.Stage_songs 2021-01-13T12:00:00+00:00 [queued]>
[2021-02-05 12:22:06,667] {taskinstance.py:880} INFO - 
--------------------------------------------------------------------------------
[2021-02-05 12:22:06,667] {taskinstance.py:881} INFO - Starting attempt 1 of 4
[2021-02-05 12:22:06,667] {taskinstance.py:882} INFO - 
--------------------------------------------------------------------------------
[2021-02-05 12:22:06,670] {taskinstance.py:901} INFO - Executing <Task(StageToRedshiftOperator): Stage_songs> on 2021-01-13T12:00:00+00:00
[2021-02-05 12:22:06,674] {standard_task_runner.py:54} INFO - Started process 73287 to run task
[2021-02-05 12:22:06,705] {standard_task_runner.py:77} INFO - Running: ['airflow', 'run', 'udac_example_dag', 'Stage_songs', '2021-01-13T12:00:00+00:00', '--job_id', '1106', '--pool', 'default_pool', '--raw', '-sd', 'DAGS_FOLDER/udac_example_dag.py', '--cfg_path', '/var/folders/ys/hb038j3904j77l4dkb4zk2ym0000gq/T/tmpj0kg9muy']
[2021-02-05 12:22:06,706] {standard_task_runner.py:78} INFO - Job 1106: Subtask Stage_songs
[2021-02-05 12:22:06,724] {logging_mixin.py:112} INFO - Running <TaskInstance: udac_example_dag.Stage_songs 2021-01-13T12:00:00+00:00 [running]> on host 1.0.0.0.0.0.0.0.0.0.0.0.0.0.0.0.0.0.0.0.0.0.0.0.0.0.0.0.0.0.0.0.ip6.arpa
[2021-02-05 12:22:06,780] {stage_redshift.py:58} INFO - Clearing data from destination Redshift table: staging_songs
[2021-02-05 12:22:06,783] {base_hook.py:89} INFO - Using connection to: id: redshift. Host: redshift-cluster-airflow.ca3iipyjqhur.us-west-2.redshift.amazonaws.com, Port: 5439, Schema: dev, Login: awsuser, Password: XXXXXXXX, extra: None
[2021-02-05 12:22:08,093] {dbapi_hook.py:176} INFO - DELETE FROM staging_songs
[2021-02-05 12:22:08,703] {stage_redshift.py:61} INFO - Copying data from S3 to Redshift
[2021-02-05 12:22:08,706] {base_hook.py:89} INFO - Using connection to: id: redshift. Host: redshift-cluster-airflow.ca3iipyjqhur.us-west-2.redshift.amazonaws.com, Port: 5439, Schema: dev, Login: awsuser, Password: XXXXXXXX, extra: None
[2021-02-05 12:22:10,035] {dbapi_hook.py:176} INFO - 
        COPY staging_songs
        FROM 's3://udacity-dend/song_data/A/A/A'
        ACCESS_KEY_ID 'AKIA2IMWSL5GKAQJ27TS'
        SECRET_ACCESS_KEY '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'
        IGNOREHEADER 1
        JSON 'auto'
    
[2021-02-05 12:22:11,662] {local_task_job.py:143} WARNING - The recorded hostname 1.0.0.0.0.0.0.0.0.0.0.0.0.0.0.0.0.0.0.0.0.0.0.0.0.0.0.0.0.0.0.0.ip6.arpa does not match this instance's hostname trevors-macbook-air.local
[2021-02-05 12:22:11,669] {helpers.py:325} INFO - Sending Signals.SIGTERM to GPID 73287
[2021-02-05 12:22:12,533] {taskinstance.py:955} ERROR - Received SIGTERM. Terminating subprocesses.
[2021-02-05 12:22:12,795] {taskinstance.py:1057} INFO - Marking task as SUCCESS.dag_id=udac_example_dag, task_id=Stage_songs, execution_date=20210113T120000, start_date=20210205T102206, end_date=20210205T102212
[2021-02-05 12:22:12,820] {helpers.py:291} INFO - Process psutil.Process(pid=73287, status='terminated', exitcode=0, started='12:22:06') (73287) terminated with exit code 0
