[2021-02-05 11:26:08,452] {taskinstance.py:670} INFO - Dependencies all met for <TaskInstance: udac_example_dag.Stage_songs 2021-01-12T20:00:00+00:00 [queued]>
[2021-02-05 11:26:08,459] {taskinstance.py:670} INFO - Dependencies all met for <TaskInstance: udac_example_dag.Stage_songs 2021-01-12T20:00:00+00:00 [queued]>
[2021-02-05 11:26:08,459] {taskinstance.py:880} INFO - 
--------------------------------------------------------------------------------
[2021-02-05 11:26:08,460] {taskinstance.py:881} INFO - Starting attempt 1 of 4
[2021-02-05 11:26:08,460] {taskinstance.py:882} INFO - 
--------------------------------------------------------------------------------
[2021-02-05 11:26:08,462] {taskinstance.py:901} INFO - Executing <Task(StageToRedshiftOperator): Stage_songs> on 2021-01-12T20:00:00+00:00
[2021-02-05 11:26:08,467] {standard_task_runner.py:54} INFO - Started process 34643 to run task
[2021-02-05 11:26:08,497] {standard_task_runner.py:77} INFO - Running: ['airflow', 'run', 'udac_example_dag', 'Stage_songs', '2021-01-12T20:00:00+00:00', '--job_id', '1069', '--pool', 'default_pool', '--raw', '-sd', 'DAGS_FOLDER/udac_example_dag.py', '--cfg_path', '/var/folders/ys/hb038j3904j77l4dkb4zk2ym0000gq/T/tmp8izx6tw_']
[2021-02-05 11:26:08,498] {standard_task_runner.py:78} INFO - Job 1069: Subtask Stage_songs
[2021-02-05 11:26:08,516] {logging_mixin.py:112} INFO - Running <TaskInstance: udac_example_dag.Stage_songs 2021-01-12T20:00:00+00:00 [running]> on host 1.0.0.0.0.0.0.0.0.0.0.0.0.0.0.0.0.0.0.0.0.0.0.0.0.0.0.0.0.0.0.0.ip6.arpa
[2021-02-05 11:26:08,572] {stage_redshift.py:57} INFO - Clearing data from destination Redshift table: staging_songs
[2021-02-05 11:26:08,574] {base_hook.py:89} INFO - Using connection to: id: redshift. Host: redshift-cluster-airflow.ca3iipyjqhur.us-west-2.redshift.amazonaws.com, Port: 5439, Schema: dev, Login: awsuser, Password: XXXXXXXX, extra: None
[2021-02-05 11:26:09,879] {dbapi_hook.py:176} INFO - DELETE FROM staging_songs
[2021-02-05 11:26:10,523] {stage_redshift.py:60} INFO - Copying data from S3 to Redshift
[2021-02-05 11:26:10,525] {base_hook.py:89} INFO - Using connection to: id: redshift. Host: redshift-cluster-airflow.ca3iipyjqhur.us-west-2.redshift.amazonaws.com, Port: 5439, Schema: dev, Login: awsuser, Password: XXXXXXXX, extra: None
[2021-02-05 11:26:11,836] {dbapi_hook.py:176} INFO - 
        COPY staging_songs
        FROM 's3://udacity-dend/song_data/A/A/A'
        ACCESS_KEY_ID 'AKIA2IMWSL5GKAQJ27TS'
        SECRET_ACCESS_KEY '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'
        IGNOREHEADER 1
        DELIMITER ','
    
[2021-02-05 11:26:14,099] {taskinstance.py:1057} INFO - Marking task as SUCCESS.dag_id=udac_example_dag, task_id=Stage_songs, execution_date=20210112T200000, start_date=20210205T092608, end_date=20210205T092614
[2021-02-05 11:26:18,476] {local_task_job.py:102} INFO - Task exited with return code 0
