[2021-02-05 12:19:53,523] {taskinstance.py:670} INFO - Dependencies all met for <TaskInstance: udac_example_dag.Stage_songs 2021-01-13T04:00:00+00:00 [queued]>
[2021-02-05 12:19:53,530] {taskinstance.py:670} INFO - Dependencies all met for <TaskInstance: udac_example_dag.Stage_songs 2021-01-13T04:00:00+00:00 [queued]>
[2021-02-05 12:19:53,530] {taskinstance.py:880} INFO - 
--------------------------------------------------------------------------------
[2021-02-05 12:19:53,530] {taskinstance.py:881} INFO - Starting attempt 1 of 4
[2021-02-05 12:19:53,530] {taskinstance.py:882} INFO - 
--------------------------------------------------------------------------------
[2021-02-05 12:19:53,533] {taskinstance.py:901} INFO - Executing <Task(StageToRedshiftOperator): Stage_songs> on 2021-01-13T04:00:00+00:00
[2021-02-05 12:19:53,537] {standard_task_runner.py:54} INFO - Started process 71721 to run task
[2021-02-05 12:19:53,567] {standard_task_runner.py:77} INFO - Running: ['airflow', 'run', 'udac_example_dag', 'Stage_songs', '2021-01-13T04:00:00+00:00', '--job_id', '1088', '--pool', 'default_pool', '--raw', '-sd', 'DAGS_FOLDER/udac_example_dag.py', '--cfg_path', '/var/folders/ys/hb038j3904j77l4dkb4zk2ym0000gq/T/tmp_qi3plud']
[2021-02-05 12:19:53,568] {standard_task_runner.py:78} INFO - Job 1088: Subtask Stage_songs
[2021-02-05 12:19:53,585] {logging_mixin.py:112} INFO - Running <TaskInstance: udac_example_dag.Stage_songs 2021-01-13T04:00:00+00:00 [running]> on host 1.0.0.0.0.0.0.0.0.0.0.0.0.0.0.0.0.0.0.0.0.0.0.0.0.0.0.0.0.0.0.0.ip6.arpa
[2021-02-05 12:19:53,640] {stage_redshift.py:60} INFO - Clearing data from destination Redshift table: staging_songs
[2021-02-05 12:19:53,642] {base_hook.py:89} INFO - Using connection to: id: redshift. Host: redshift-cluster-airflow.ca3iipyjqhur.us-west-2.redshift.amazonaws.com, Port: 5439, Schema: dev, Login: awsuser, Password: XXXXXXXX, extra: None
[2021-02-05 12:19:54,963] {dbapi_hook.py:176} INFO - DELETE FROM staging_songs
[2021-02-05 12:19:55,642] {stage_redshift.py:63} INFO - Copying data from S3 to Redshift
[2021-02-05 12:19:55,655] {base_hook.py:89} INFO - Using connection to: id: redshift. Host: redshift-cluster-airflow.ca3iipyjqhur.us-west-2.redshift.amazonaws.com, Port: 5439, Schema: dev, Login: awsuser, Password: XXXXXXXX, extra: None
[2021-02-05 12:19:56,970] {dbapi_hook.py:176} INFO - 
        COPY staging_songs
        FROM 's3://udacity-dend/song_data/A/A/A'
        ACCESS_KEY_ID 'AKIA2IMWSL5GKAQJ27TS'
        SECRET_ACCESS_KEY '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'
        IGNOREHEADER 1
        DELIMITER ','
        JSON 'auto'
    
[2021-02-05 12:19:57,350] {taskinstance.py:1150} ERROR - DELIMITER argument is not supported for JSON based COPY
Traceback (most recent call last):
  File "/usr/local/lib/python3.9/site-packages/airflow/models/taskinstance.py", line 984, in _run_raw_task
    result = task_copy.execute(context=context)
  File "/Users/trevorransom/Documents/01 Coding/03 Data Engineering/Udacity/05 Airflow/plugins/operators/stage_redshift.py", line 75, in execute
    redshift.run(formatted_sql)
  File "/usr/local/lib/python3.9/site-packages/airflow/hooks/dbapi_hook.py", line 177, in run
    cur.execute(s)
psycopg2.errors.FeatureNotSupported: DELIMITER argument is not supported for JSON based COPY

[2021-02-05 12:19:57,364] {taskinstance.py:1187} INFO - Marking task as UP_FOR_RETRY. dag_id=udac_example_dag, task_id=Stage_songs, execution_date=20210113T040000, start_date=20210205T101953, end_date=20210205T101957
[2021-02-05 12:19:58,569] {local_task_job.py:102} INFO - Task exited with return code 1
