[2021-02-05 11:10:16,252] {taskinstance.py:670} INFO - Dependencies all met for <TaskInstance: udac_example_dag.Stage_songs 2019-01-15T02:00:00+00:00 [queued]>
[2021-02-05 11:10:16,259] {taskinstance.py:670} INFO - Dependencies all met for <TaskInstance: udac_example_dag.Stage_songs 2019-01-15T02:00:00+00:00 [queued]>
[2021-02-05 11:10:16,259] {taskinstance.py:880} INFO - 
--------------------------------------------------------------------------------
[2021-02-05 11:10:16,259] {taskinstance.py:881} INFO - Starting attempt 1 of 4
[2021-02-05 11:10:16,259] {taskinstance.py:882} INFO - 
--------------------------------------------------------------------------------
[2021-02-05 11:10:16,262] {taskinstance.py:901} INFO - Executing <Task(StageToRedshiftOperator): Stage_songs> on 2019-01-15T02:00:00+00:00
[2021-02-05 11:10:16,266] {standard_task_runner.py:54} INFO - Started process 23644 to run task
[2021-02-05 11:10:16,296] {standard_task_runner.py:77} INFO - Running: ['airflow', 'run', 'udac_example_dag', 'Stage_songs', '2019-01-15T02:00:00+00:00', '--job_id', '1017', '--pool', 'default_pool', '--raw', '-sd', 'DAGS_FOLDER/udac_example_dag.py', '--cfg_path', '/var/folders/ys/hb038j3904j77l4dkb4zk2ym0000gq/T/tmp9ifxiz6w']
[2021-02-05 11:10:16,297] {standard_task_runner.py:78} INFO - Job 1017: Subtask Stage_songs
[2021-02-05 11:10:16,314] {logging_mixin.py:112} INFO - Running <TaskInstance: udac_example_dag.Stage_songs 2019-01-15T02:00:00+00:00 [running]> on host 1.0.0.0.0.0.0.0.0.0.0.0.0.0.0.0.0.0.0.0.0.0.0.0.0.0.0.0.0.0.0.0.ip6.arpa
[2021-02-05 11:10:16,367] {stage_redshift.py:57} INFO - Clearing data from destination Redshift table: staging_songs
[2021-02-05 11:10:16,369] {base_hook.py:89} INFO - Using connection to: id: redshift. Host: redshift-cluster-airflow.ca3iipyjqhur.us-west-2.redshift.amazonaws.com, Port: 5439, Schema: dev, Login: awsuser, Password: XXXXXXXX, extra: None
[2021-02-05 11:10:17,693] {dbapi_hook.py:176} INFO - DELETE FROM staging_songs
[2021-02-05 11:10:40,883] {stage_redshift.py:60} INFO - Copying data from S3 to Redshift
[2021-02-05 11:10:40,890] {base_hook.py:89} INFO - Using connection to: id: redshift. Host: redshift-cluster-airflow.ca3iipyjqhur.us-west-2.redshift.amazonaws.com, Port: 5439, Schema: dev, Login: awsuser, Password: XXXXXXXX, extra: None
[2021-02-05 11:10:42,234] {dbapi_hook.py:176} INFO - 
        COPY staging_songs
        FROM 's3://udacity-dend/song_data'
        ACCESS_KEY_ID 'AKIA2IMWSL5GKAQJ27TS'
        SECRET_ACCESS_KEY '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'
        IGNOREHEADER 1
        DELIMITER ','
    
[2021-02-05 11:15:27,124] {local_task_job.py:143} WARNING - The recorded hostname 1.0.0.0.0.0.0.0.0.0.0.0.0.0.0.0.0.0.0.0.0.0.0.0.0.0.0.0.0.0.0.0.ip6.arpa does not match this instance's hostname trevors-macbook-air.local
[2021-02-05 11:15:27,139] {helpers.py:325} INFO - Sending Signals.SIGTERM to GPID 23644
[2021-02-05 11:19:59,610] {taskinstance.py:955} ERROR - Received SIGTERM. Terminating subprocesses.
[2021-02-05 11:19:59,835] {taskinstance.py:1057} INFO - Marking task as SUCCESS.dag_id=udac_example_dag, task_id=Stage_songs, execution_date=20190115T020000, start_date=20210205T091016, end_date=20210205T091959
