[2021-01-29 15:18:14,598] {taskinstance.py:826} INFO - Dependencies all met for <TaskInstance: udac_example_dag.Run_data_quality_checks 2019-01-12T03:00:00+00:00 [queued]>
[2021-01-29 15:18:14,609] {taskinstance.py:826} INFO - Dependencies all met for <TaskInstance: udac_example_dag.Run_data_quality_checks 2019-01-12T03:00:00+00:00 [queued]>
[2021-01-29 15:18:14,610] {taskinstance.py:1017} INFO - 
--------------------------------------------------------------------------------
[2021-01-29 15:18:14,610] {taskinstance.py:1018} INFO - Starting attempt 1 of 1
[2021-01-29 15:18:14,610] {taskinstance.py:1019} INFO - 
--------------------------------------------------------------------------------
[2021-01-29 15:18:14,622] {taskinstance.py:1038} INFO - Executing <Task(DataQualityOperator): Run_data_quality_checks> on 2019-01-12T03:00:00+00:00
[2021-01-29 15:18:14,625] {standard_task_runner.py:51} INFO - Started process 45607 to run task
[2021-01-29 15:18:14,637] {standard_task_runner.py:75} INFO - Running: ['airflow', 'tasks', 'run', 'udac_example_dag', 'Run_data_quality_checks', '2019-01-12T03:00:00+00:00', '--job-id', '33', '--pool', 'default_pool', '--raw', '--subdir', 'DAGS_FOLDER/udac_example_dag.py', '--cfg-path', '/var/folders/ys/hb038j3904j77l4dkb4zk2ym0000gq/T/tmphdd94jmc']
[2021-01-29 15:18:14,639] {standard_task_runner.py:76} INFO - Job 33: Subtask Run_data_quality_checks
[2021-01-29 15:18:14,709] {logging_mixin.py:103} INFO - Running <TaskInstance: udac_example_dag.Run_data_quality_checks 2019-01-12T03:00:00+00:00 [running]> on host 1.0.0.0.0.0.0.0.0.0.0.0.0.0.0.0.0.0.0.0.0.0.0.0.0.0.0.0.0.0.0.0.ip6.arpa
[2021-01-29 15:18:14,778] {taskinstance.py:1230} INFO - Exporting the following env vars:
AIRFLOW_CTX_DAG_OWNER=udacity
AIRFLOW_CTX_DAG_ID=udac_example_dag
AIRFLOW_CTX_TASK_ID=Run_data_quality_checks
AIRFLOW_CTX_EXECUTION_DATE=2019-01-12T03:00:00+00:00
AIRFLOW_CTX_DAG_RUN_ID=scheduled__2019-01-12T03:00:00+00:00
[2021-01-29 15:18:14,780] {data_quality.py:22} INFO - DataQualityOperator not implemented yet
[2021-01-29 15:18:14,792] {taskinstance.py:1135} INFO - Marking task as SUCCESS. dag_id=udac_example_dag, task_id=Run_data_quality_checks, execution_date=20190112T030000, start_date=20210129T131814, end_date=20210129T131814
[2021-01-29 15:18:14,813] {taskinstance.py:1195} INFO - 0 downstream tasks scheduled from follow-on schedule check
[2021-01-29 15:18:14,851] {local_task_job.py:118} INFO - Task exited with return code 0
