[2021-01-29 15:18:07,704] {taskinstance.py:826} INFO - Dependencies all met for <TaskInstance: udac_example_dag.Load_songplays_fact_table 2019-01-12T03:00:00+00:00 [queued]>
[2021-01-29 15:18:07,711] {taskinstance.py:826} INFO - Dependencies all met for <TaskInstance: udac_example_dag.Load_songplays_fact_table 2019-01-12T03:00:00+00:00 [queued]>
[2021-01-29 15:18:07,712] {taskinstance.py:1017} INFO - 
--------------------------------------------------------------------------------
[2021-01-29 15:18:07,712] {taskinstance.py:1018} INFO - Starting attempt 1 of 1
[2021-01-29 15:18:07,712] {taskinstance.py:1019} INFO - 
--------------------------------------------------------------------------------
[2021-01-29 15:18:07,720] {taskinstance.py:1038} INFO - Executing <Task(LoadFactOperator): Load_songplays_fact_table> on 2019-01-12T03:00:00+00:00
[2021-01-29 15:18:07,721] {standard_task_runner.py:51} INFO - Started process 45529 to run task
[2021-01-29 15:18:07,728] {standard_task_runner.py:75} INFO - Running: ['airflow', 'tasks', 'run', 'udac_example_dag', 'Load_songplays_fact_table', '2019-01-12T03:00:00+00:00', '--job-id', '28', '--pool', 'default_pool', '--raw', '--subdir', 'DAGS_FOLDER/udac_example_dag.py', '--cfg-path', '/var/folders/ys/hb038j3904j77l4dkb4zk2ym0000gq/T/tmp_9d7ufyx']
[2021-01-29 15:18:07,730] {standard_task_runner.py:76} INFO - Job 28: Subtask Load_songplays_fact_table
[2021-01-29 15:18:07,765] {logging_mixin.py:103} INFO - Running <TaskInstance: udac_example_dag.Load_songplays_fact_table 2019-01-12T03:00:00+00:00 [running]> on host 1.0.0.0.0.0.0.0.0.0.0.0.0.0.0.0.0.0.0.0.0.0.0.0.0.0.0.0.0.0.0.0.ip6.arpa
[2021-01-29 15:18:07,794] {taskinstance.py:1230} INFO - Exporting the following env vars:
AIRFLOW_CTX_DAG_OWNER=udacity
AIRFLOW_CTX_DAG_ID=udac_example_dag
AIRFLOW_CTX_TASK_ID=Load_songplays_fact_table
AIRFLOW_CTX_EXECUTION_DATE=2019-01-12T03:00:00+00:00
AIRFLOW_CTX_DAG_RUN_ID=scheduled__2019-01-12T03:00:00+00:00
[2021-01-29 15:18:07,795] {load_fact.py:22} INFO - LoadFactOperator not implemented yet
[2021-01-29 15:18:07,800] {taskinstance.py:1135} INFO - Marking task as SUCCESS. dag_id=udac_example_dag, task_id=Load_songplays_fact_table, execution_date=20190112T030000, start_date=20210129T131807, end_date=20210129T131807
[2021-01-29 15:18:07,810] {taskinstance.py:1195} INFO - 0 downstream tasks scheduled from follow-on schedule check
[2021-01-29 15:18:07,824] {local_task_job.py:118} INFO - Task exited with return code 0
