[2021-02-05 11:16:27,301] {taskinstance.py:670} INFO - Dependencies all met for <TaskInstance: udac_example_dag.Stage_songs 2021-02-05T09:08:09.530834+00:00 [queued]>
[2021-02-05 11:16:27,308] {taskinstance.py:670} INFO - Dependencies all met for <TaskInstance: udac_example_dag.Stage_songs 2021-02-05T09:08:09.530834+00:00 [queued]>
[2021-02-05 11:16:27,308] {taskinstance.py:880} INFO - 
--------------------------------------------------------------------------------
[2021-02-05 11:16:27,308] {taskinstance.py:881} INFO - Starting attempt 1 of 4
[2021-02-05 11:16:27,308] {taskinstance.py:882} INFO - 
--------------------------------------------------------------------------------
[2021-02-05 11:16:27,312] {taskinstance.py:901} INFO - Executing <Task(StageToRedshiftOperator): Stage_songs> on 2021-02-05T09:08:09.530834+00:00
[2021-02-05 11:16:27,316] {standard_task_runner.py:54} INFO - Started process 27822 to run task
[2021-02-05 11:16:27,356] {standard_task_runner.py:77} INFO - Running: ['airflow', 'run', 'udac_example_dag', 'Stage_songs', '2021-02-05T09:08:09.530834+00:00', '--job_id', '1022', '--pool', 'default_pool', '--raw', '-sd', 'DAGS_FOLDER/udac_example_dag.py', '--cfg_path', '/var/folders/ys/hb038j3904j77l4dkb4zk2ym0000gq/T/tmpj3owm7if']
[2021-02-05 11:16:27,357] {standard_task_runner.py:78} INFO - Job 1022: Subtask Stage_songs
[2021-02-05 11:16:27,377] {logging_mixin.py:112} INFO - Running <TaskInstance: udac_example_dag.Stage_songs 2021-02-05T09:08:09.530834+00:00 [running]> on host 1.0.0.0.0.0.0.0.0.0.0.0.0.0.0.0.0.0.0.0.0.0.0.0.0.0.0.0.0.0.0.0.ip6.arpa
[2021-02-05 11:16:27,436] {stage_redshift.py:57} INFO - Clearing data from destination Redshift table: staging_songs
[2021-02-05 11:16:27,438] {base_hook.py:89} INFO - Using connection to: id: redshift. Host: redshift-cluster-airflow.ca3iipyjqhur.us-west-2.redshift.amazonaws.com, Port: 5439, Schema: dev, Login: awsuser, Password: XXXXXXXX, extra: None
[2021-02-05 11:16:28,782] {dbapi_hook.py:176} INFO - DELETE FROM staging_songs
[2021-02-05 11:17:12,387] {local_task_job.py:143} WARNING - The recorded hostname 1.0.0.0.0.0.0.0.0.0.0.0.0.0.0.0.0.0.0.0.0.0.0.0.0.0.0.0.0.0.0.0.ip6.arpa does not match this instance's hostname trevors-macbook-air.local
[2021-02-05 11:17:12,393] {helpers.py:325} INFO - Sending Signals.SIGTERM to GPID 27822
[2021-02-05 11:19:59,864] {taskinstance.py:955} ERROR - Received SIGTERM. Terminating subprocesses.
[2021-02-05 11:19:59,881] {taskinstance.py:1150} ERROR - Task received SIGTERM signal
Traceback (most recent call last):
  File "/usr/local/lib/python3.9/site-packages/airflow/models/taskinstance.py", line 984, in _run_raw_task
    result = task_copy.execute(context=context)
  File "/Users/trevorransom/Documents/01 Coding/03 Data Engineering/Udacity/05 Airflow/plugins/operators/stage_redshift.py", line 58, in execute
    redshift.run('DELETE FROM {}'.format(self.table))
  File "/usr/local/lib/python3.9/site-packages/airflow/hooks/dbapi_hook.py", line 177, in run
    cur.execute(s)
  File "/usr/local/Cellar/python@3.9/3.9.1_7/Frameworks/Python.framework/Versions/3.9/lib/python3.9/encodings/utf_8.py", line 15, in decode
    def decode(input, errors='strict'):
  File "/usr/local/lib/python3.9/site-packages/airflow/models/taskinstance.py", line 957, in signal_handler
    raise AirflowException("Task received SIGTERM signal")
airflow.exceptions.AirflowException: Task received SIGTERM signal
[2021-02-05 11:19:59,886] {taskinstance.py:1187} INFO - Marking task as UP_FOR_RETRY. dag_id=udac_example_dag, task_id=Stage_songs, execution_date=20210205T090809, start_date=20210205T091627, end_date=20210205T091959
